{"meta": {"format": 3, "version": "7.13.0", "timestamp": "2026-01-16T13:24:24.591066", "branch_coverage": true, "show_contexts": false}, "files": {"gateway/__init__.py": {"executed_lines": [1, 3], "summary": {"covered_lines": 1, "num_statements": 1, "percent_covered": 100.0, "percent_covered_display": "100", "missing_lines": 0, "excluded_lines": 0, "percent_statements_covered": 100.0, "percent_statements_covered_display": "100", "num_branches": 0, "num_partial_branches": 0, "covered_branches": 0, "missing_branches": 0, "percent_branches_covered": 100.0, "percent_branches_covered_display": "100"}, "missing_lines": [], "excluded_lines": [], "executed_branches": [], "missing_branches": [], "functions": {"": {"executed_lines": [1, 3], "summary": {"covered_lines": 1, "num_statements": 1, "percent_covered": 100.0, "percent_covered_display": "100", "missing_lines": 0, "excluded_lines": 0, "percent_statements_covered": 100.0, "percent_statements_covered_display": "100", "num_branches": 0, "num_partial_branches": 0, "covered_branches": 0, "missing_branches": 0, "percent_branches_covered": 100.0, "percent_branches_covered_display": "100"}, "missing_lines": [], "excluded_lines": [], "executed_branches": [], "missing_branches": []}}, "classes": {"": {"executed_lines": [1, 3], "summary": {"covered_lines": 1, "num_statements": 1, "percent_covered": 100.0, "percent_covered_display": "100", "missing_lines": 0, "excluded_lines": 0, "percent_statements_covered": 100.0, "percent_statements_covered_display": "100", "num_branches": 0, "num_partial_branches": 0, "covered_branches": 0, "missing_branches": 0, "percent_branches_covered": 100.0, "percent_branches_covered_display": "100"}, "missing_lines": [], "excluded_lines": [], "executed_branches": [], "missing_branches": []}}}, "gateway/api/__init__.py": {"executed_lines": [1, 3, 4, 5, 6, 7, 8, 9, 10, 11, 12, 13, 14, 15, 16, 17, 19], "summary": {"covered_lines": 16, "num_statements": 16, "percent_covered": 100.0, "percent_covered_display": "100", "missing_lines": 0, "excluded_lines": 0, "percent_statements_covered": 100.0, "percent_statements_covered_display": "100", "num_branches": 0, "num_partial_branches": 0, "covered_branches": 0, "missing_branches": 0, "percent_branches_covered": 100.0, "percent_branches_covered_display": "100"}, "missing_lines": [], "excluded_lines": [], "executed_branches": [], "missing_branches": [], "functions": {"": {"executed_lines": [1, 3, 4, 5, 6, 7, 8, 9, 10, 11, 12, 13, 14, 15, 16, 17, 19], "summary": {"covered_lines": 16, "num_statements": 16, "percent_covered": 100.0, "percent_covered_display": "100", "missing_lines": 0, "excluded_lines": 0, "percent_statements_covered": 100.0, "percent_statements_covered_display": "100", "num_branches": 0, "num_partial_branches": 0, "covered_branches": 0, "missing_branches": 0, "percent_branches_covered": 100.0, "percent_branches_covered_display": "100"}, "missing_lines": [], "excluded_lines": [], "executed_branches": [], "missing_branches": []}}, "classes": {"": {"executed_lines": [1, 3, 4, 5, 6, 7, 8, 9, 10, 11, 12, 13, 14, 15, 16, 17, 19], "summary": {"covered_lines": 16, "num_statements": 16, "percent_covered": 100.0, "percent_covered_display": "100", "missing_lines": 0, "excluded_lines": 0, "percent_statements_covered": 100.0, "percent_statements_covered_display": "100", "num_branches": 0, "num_partial_branches": 0, "covered_branches": 0, "missing_branches": 0, "percent_branches_covered": 100.0, "percent_branches_covered_display": "100"}, "missing_lines": [], "excluded_lines": [], "executed_branches": [], "missing_branches": []}}}, "gateway/api/admin.py": {"executed_lines": [1, 3, 4, 5, 7, 9, 10, 11, 12, 13, 15, 18, 19, 20, 23, 44, 45, 82, 83, 107, 108], "summary": {"covered_lines": 20, "num_statements": 33, "percent_covered": 57.142857142857146, "percent_covered_display": "57", "missing_lines": 13, "excluded_lines": 0, "percent_statements_covered": 60.60606060606061, "percent_statements_covered_display": "61", "num_branches": 2, "num_partial_branches": 0, "covered_branches": 0, "missing_branches": 2, "percent_branches_covered": 0.0, "percent_branches_covered_display": "0"}, "missing_lines": [27, 30, 31, 32, 34, 41, 53, 56, 59, 61, 90, 92, 112], "excluded_lines": [], "executed_branches": [], "missing_branches": [[30, 31], [30, 34]], "functions": {"log_error": {"executed_lines": [], "summary": {"covered_lines": 0, "num_statements": 6, "percent_covered": 0.0, "percent_covered_display": "0", "missing_lines": 6, "excluded_lines": 0, "percent_statements_covered": 0.0, "percent_statements_covered_display": "0", "num_branches": 2, "num_partial_branches": 0, "covered_branches": 0, "missing_branches": 2, "percent_branches_covered": 0.0, "percent_branches_covered_display": "0"}, "missing_lines": [27, 30, 31, 32, 34, 41], "excluded_lines": [], "executed_branches": [], "missing_branches": [[30, 31], [30, 34]]}, "get_status": {"executed_lines": [], "summary": {"covered_lines": 0, "num_statements": 4, "percent_covered": 0.0, "percent_covered_display": "0", "missing_lines": 4, "excluded_lines": 0, "percent_statements_covered": 0.0, "percent_statements_covered_display": "0", "num_branches": 0, "num_partial_branches": 0, "covered_branches": 0, "missing_branches": 0, "percent_branches_covered": 100.0, "percent_branches_covered_display": "100"}, "missing_lines": [53, 56, 59, 61], "excluded_lines": [], "executed_branches": [], "missing_branches": []}, "get_recent_logs": {"executed_lines": [], "summary": {"covered_lines": 0, "num_statements": 2, "percent_covered": 0.0, "percent_covered_display": "0", "missing_lines": 2, "excluded_lines": 0, "percent_statements_covered": 0.0, "percent_statements_covered_display": "0", "num_branches": 0, "num_partial_branches": 0, "covered_branches": 0, "missing_branches": 0, "percent_branches_covered": 100.0, "percent_branches_covered_display": "100"}, "missing_lines": [90, 92], "excluded_lines": [], "executed_branches": [], "missing_branches": []}, "get_error_summary": {"executed_lines": [], "summary": {"covered_lines": 0, "num_statements": 1, "percent_covered": 0.0, "percent_covered_display": "0", "missing_lines": 1, "excluded_lines": 0, "percent_statements_covered": 0.0, "percent_statements_covered_display": "0", "num_branches": 0, "num_partial_branches": 0, "covered_branches": 0, "missing_branches": 0, "percent_branches_covered": 100.0, "percent_branches_covered_display": "100"}, "missing_lines": [112], "excluded_lines": [], "executed_branches": [], "missing_branches": []}, "": {"executed_lines": [1, 3, 4, 5, 7, 9, 10, 11, 12, 13, 15, 18, 19, 20, 23, 44, 45, 82, 83, 107, 108], "summary": {"covered_lines": 20, "num_statements": 20, "percent_covered": 100.0, "percent_covered_display": "100", "missing_lines": 0, "excluded_lines": 0, "percent_statements_covered": 100.0, "percent_statements_covered_display": "100", "num_branches": 0, "num_partial_branches": 0, "covered_branches": 0, "missing_branches": 0, "percent_branches_covered": 100.0, "percent_branches_covered_display": "100"}, "missing_lines": [], "excluded_lines": [], "executed_branches": [], "missing_branches": []}}, "classes": {"": {"executed_lines": [1, 3, 4, 5, 7, 9, 10, 11, 12, 13, 15, 18, 19, 20, 23, 44, 45, 82, 83, 107, 108], "summary": {"covered_lines": 20, "num_statements": 33, "percent_covered": 57.142857142857146, "percent_covered_display": "57", "missing_lines": 13, "excluded_lines": 0, "percent_statements_covered": 60.60606060606061, "percent_statements_covered_display": "61", "num_branches": 2, "num_partial_branches": 0, "covered_branches": 0, "missing_branches": 2, "percent_branches_covered": 0.0, "percent_branches_covered_display": "0"}, "missing_lines": [27, 30, 31, 32, 34, 41, 53, 56, 59, 61, 90, 92, 112], "excluded_lines": [], "executed_branches": [], "missing_branches": [[30, 31], [30, 34]]}}}, "gateway/api/alpaca.py": {"executed_lines": [1, 3, 4, 6, 8, 9, 10, 12, 15, 16, 65, 66, 95, 96, 138, 139, 181, 182, 226, 227, 264, 265, 311, 312, 346, 347, 385, 386, 421, 422, 451, 452, 481, 482, 507, 508, 557, 558, 607, 608, 642, 643, 681, 682, 729, 730, 757, 758, 785, 786], "summary": {"covered_lines": 49, "num_statements": 260, "percent_covered": 14.939024390243903, "percent_covered_display": "15", "missing_lines": 211, "excluded_lines": 0, "percent_statements_covered": 18.846153846153847, "percent_statements_covered_display": "19", "num_branches": 68, "num_partial_branches": 0, "covered_branches": 0, "missing_branches": 68, "percent_branches_covered": 0.0, "percent_branches_covered_display": "0"}, "missing_lines": [27, 29, 30, 33, 34, 35, 36, 38, 39, 47, 61, 62, 72, 74, 75, 77, 78, 80, 81, 83, 89, 90, 91, 92, 105, 107, 108, 110, 111, 112, 113, 115, 116, 122, 134, 135, 145, 147, 148, 150, 151, 152, 153, 154, 162, 172, 173, 194, 196, 197, 199, 200, 210, 222, 223, 233, 235, 236, 238, 240, 241, 242, 247, 260, 261, 275, 277, 278, 280, 281, 282, 283, 285, 286, 294, 307, 308, 318, 320, 321, 323, 324, 326, 327, 329, 335, 336, 337, 338, 357, 359, 360, 362, 363, 371, 381, 382, 395, 397, 398, 400, 401, 408, 417, 418, 428, 430, 431, 433, 434, 436, 437, 439, 445, 446, 447, 448, 458, 460, 461, 463, 464, 466, 472, 473, 488, 490, 491, 493, 494, 495, 497, 503, 504, 518, 520, 521, 523, 524, 525, 534, 539, 548, 549, 568, 570, 571, 573, 574, 575, 576, 578, 586, 598, 599, 615, 617, 618, 620, 621, 623, 624, 626, 638, 639, 650, 652, 653, 655, 656, 658, 672, 673, 691, 693, 694, 696, 697, 698, 699, 701, 708, 720, 721, 736, 738, 739, 741, 742, 744, 753, 754, 764, 766, 767, 769, 770, 772, 781, 782, 792, 794, 795, 797, 798, 801, 802, 804, 806, 815, 816], "excluded_lines": [], "executed_branches": [], "missing_branches": [[29, 30], [29, 33], [33, 34], [33, 35], [35, 36], [35, 38], [74, 75], [74, 77], [80, 81], [80, 83], [107, 108], [107, 110], [110, 111], [110, 112], [112, 113], [112, 115], [147, 148], [147, 150], [196, 197], [196, 199], [235, 236], [235, 238], [277, 278], [277, 280], [280, 281], [280, 282], [282, 283], [282, 285], [320, 321], [320, 323], [326, 327], [326, 329], [359, 360], [359, 362], [397, 398], [397, 400], [430, 431], [430, 433], [436, 437], [436, 439], [460, 461], [460, 463], [490, 491], [490, 493], [520, 521], [520, 523], [570, 571], [570, 573], [575, 576], [575, 578], [617, 618], [617, 620], [620, 621], [620, 623], [652, 653], [652, 655], [693, 694], [693, 696], [698, 699], [698, 701], [738, 739], [738, 741], [766, 767], [766, 769], [794, 795], [794, 797], [801, 802], [801, 804]], "functions": {"get_stock_bars": {"executed_lines": [], "summary": {"covered_lines": 0, "num_statements": 12, "percent_covered": 0.0, "percent_covered_display": "0", "missing_lines": 12, "excluded_lines": 0, "percent_statements_covered": 0.0, "percent_statements_covered_display": "0", "num_branches": 6, "num_partial_branches": 0, "covered_branches": 0, "missing_branches": 6, "percent_branches_covered": 0.0, "percent_branches_covered_display": "0"}, "missing_lines": [27, 29, 30, 33, 34, 35, 36, 38, 39, 47, 61, 62], "excluded_lines": [], "executed_branches": [], "missing_branches": [[29, 30], [29, 33], [33, 34], [33, 35], [35, 36], [35, 38]]}, "get_stock_quotes": {"executed_lines": [], "summary": {"covered_lines": 0, "num_statements": 12, "percent_covered": 0.0, "percent_covered_display": "0", "missing_lines": 12, "excluded_lines": 0, "percent_statements_covered": 0.0, "percent_statements_covered_display": "0", "num_branches": 4, "num_partial_branches": 0, "covered_branches": 0, "missing_branches": 4, "percent_branches_covered": 0.0, "percent_branches_covered_display": "0"}, "missing_lines": [72, 74, 75, 77, 78, 80, 81, 83, 89, 90, 91, 92], "excluded_lines": [], "executed_branches": [], "missing_branches": [[74, 75], [74, 77], [80, 81], [80, 83]]}, "get_stock_trades": {"executed_lines": [], "summary": {"covered_lines": 0, "num_statements": 12, "percent_covered": 0.0, "percent_covered_display": "0", "missing_lines": 12, "excluded_lines": 0, "percent_statements_covered": 0.0, "percent_statements_covered_display": "0", "num_branches": 6, "num_partial_branches": 0, "covered_branches": 0, "missing_branches": 6, "percent_branches_covered": 0.0, "percent_branches_covered_display": "0"}, "missing_lines": [105, 107, 108, 110, 111, 112, 113, 115, 116, 122, 134, 135], "excluded_lines": [], "executed_branches": [], "missing_branches": [[107, 108], [107, 110], [110, 111], [110, 112], [112, 113], [112, 115]]}, "get_stock_snapshot": {"executed_lines": [], "summary": {"covered_lines": 0, "num_statements": 11, "percent_covered": 0.0, "percent_covered_display": "0", "missing_lines": 11, "excluded_lines": 0, "percent_statements_covered": 0.0, "percent_statements_covered_display": "0", "num_branches": 2, "num_partial_branches": 0, "covered_branches": 0, "missing_branches": 2, "percent_branches_covered": 0.0, "percent_branches_covered_display": "0"}, "missing_lines": [145, 147, 148, 150, 151, 152, 153, 154, 162, 172, 173], "excluded_lines": [], "executed_branches": [], "missing_branches": [[147, 148], [147, 150]]}, "get_option_chain": {"executed_lines": [], "summary": {"covered_lines": 0, "num_statements": 8, "percent_covered": 0.0, "percent_covered_display": "0", "missing_lines": 8, "excluded_lines": 0, "percent_statements_covered": 0.0, "percent_statements_covered_display": "0", "num_branches": 2, "num_partial_branches": 0, "covered_branches": 0, "missing_branches": 2, "percent_branches_covered": 0.0, "percent_branches_covered_display": "0"}, "missing_lines": [194, 196, 197, 199, 200, 210, 222, 223], "excluded_lines": [], "executed_branches": [], "missing_branches": [[196, 197], [196, 199]]}, "get_option_chain_snapshot": {"executed_lines": [], "summary": {"covered_lines": 0, "num_statements": 10, "percent_covered": 0.0, "percent_covered_display": "0", "missing_lines": 10, "excluded_lines": 0, "percent_statements_covered": 0.0, "percent_statements_covered_display": "0", "num_branches": 2, "num_partial_branches": 0, "covered_branches": 0, "missing_branches": 2, "percent_branches_covered": 0.0, "percent_branches_covered_display": "0"}, "missing_lines": [233, 235, 236, 238, 240, 241, 242, 247, 260, 261], "excluded_lines": [], "executed_branches": [], "missing_branches": [[235, 236], [235, 238]]}, "get_option_bars": {"executed_lines": [], "summary": {"covered_lines": 0, "num_statements": 12, "percent_covered": 0.0, "percent_covered_display": "0", "missing_lines": 12, "excluded_lines": 0, "percent_statements_covered": 0.0, "percent_statements_covered_display": "0", "num_branches": 6, "num_partial_branches": 0, "covered_branches": 0, "missing_branches": 6, "percent_branches_covered": 0.0, "percent_branches_covered_display": "0"}, "missing_lines": [275, 277, 278, 280, 281, 282, 283, 285, 286, 294, 307, 308], "excluded_lines": [], "executed_branches": [], "missing_branches": [[277, 278], [277, 280], [280, 281], [280, 282], [282, 283], [282, 285]]}, "get_option_quotes": {"executed_lines": [], "summary": {"covered_lines": 0, "num_statements": 12, "percent_covered": 0.0, "percent_covered_display": "0", "missing_lines": 12, "excluded_lines": 0, "percent_statements_covered": 0.0, "percent_statements_covered_display": "0", "num_branches": 4, "num_partial_branches": 0, "covered_branches": 0, "missing_branches": 4, "percent_branches_covered": 0.0, "percent_branches_covered_display": "0"}, "missing_lines": [318, 320, 321, 323, 324, 326, 327, 329, 335, 336, 337, 338], "excluded_lines": [], "executed_branches": [], "missing_branches": [[320, 321], [320, 323], [326, 327], [326, 329]]}, "get_crypto_bars": {"executed_lines": [], "summary": {"covered_lines": 0, "num_statements": 8, "percent_covered": 0.0, "percent_covered_display": "0", "missing_lines": 8, "excluded_lines": 0, "percent_statements_covered": 0.0, "percent_statements_covered_display": "0", "num_branches": 2, "num_partial_branches": 0, "covered_branches": 0, "missing_branches": 2, "percent_branches_covered": 0.0, "percent_branches_covered_display": "0"}, "missing_lines": [357, 359, 360, 362, 363, 371, 381, 382], "excluded_lines": [], "executed_branches": [], "missing_branches": [[359, 360], [359, 362]]}, "get_crypto_trades": {"executed_lines": [], "summary": {"covered_lines": 0, "num_statements": 8, "percent_covered": 0.0, "percent_covered_display": "0", "missing_lines": 8, "excluded_lines": 0, "percent_statements_covered": 0.0, "percent_statements_covered_display": "0", "num_branches": 2, "num_partial_branches": 0, "covered_branches": 0, "missing_branches": 2, "percent_branches_covered": 0.0, "percent_branches_covered_display": "0"}, "missing_lines": [395, 397, 398, 400, 401, 408, 417, 418], "excluded_lines": [], "executed_branches": [], "missing_branches": [[397, 398], [397, 400]]}, "get_crypto_quotes": {"executed_lines": [], "summary": {"covered_lines": 0, "num_statements": 12, "percent_covered": 0.0, "percent_covered_display": "0", "missing_lines": 12, "excluded_lines": 0, "percent_statements_covered": 0.0, "percent_statements_covered_display": "0", "num_branches": 4, "num_partial_branches": 0, "covered_branches": 0, "missing_branches": 4, "percent_branches_covered": 0.0, "percent_branches_covered_display": "0"}, "missing_lines": [428, 430, 431, 433, 434, 436, 437, 439, 445, 446, 447, 448], "excluded_lines": [], "executed_branches": [], "missing_branches": [[430, 431], [430, 433], [436, 437], [436, 439]]}, "get_crypto_snapshot": {"executed_lines": [], "summary": {"covered_lines": 0, "num_statements": 8, "percent_covered": 0.0, "percent_covered_display": "0", "missing_lines": 8, "excluded_lines": 0, "percent_statements_covered": 0.0, "percent_statements_covered_display": "0", "num_branches": 2, "num_partial_branches": 0, "covered_branches": 0, "missing_branches": 2, "percent_branches_covered": 0.0, "percent_branches_covered_display": "0"}, "missing_lines": [458, 460, 461, 463, 464, 466, 472, 473], "excluded_lines": [], "executed_branches": [], "missing_branches": [[460, 461], [460, 463]]}, "get_forex_rates": {"executed_lines": [], "summary": {"covered_lines": 0, "num_statements": 9, "percent_covered": 0.0, "percent_covered_display": "0", "missing_lines": 9, "excluded_lines": 0, "percent_statements_covered": 0.0, "percent_statements_covered_display": "0", "num_branches": 2, "num_partial_branches": 0, "covered_branches": 0, "missing_branches": 2, "percent_branches_covered": 0.0, "percent_branches_covered_display": "0"}, "missing_lines": [488, 490, 491, 493, 494, 495, 497, 503, 504], "excluded_lines": [], "executed_branches": [], "missing_branches": [[490, 491], [490, 493]]}, "get_forex_rates_historical": {"executed_lines": [], "summary": {"covered_lines": 0, "num_statements": 10, "percent_covered": 0.0, "percent_covered_display": "0", "missing_lines": 10, "excluded_lines": 0, "percent_statements_covered": 0.0, "percent_statements_covered_display": "0", "num_branches": 2, "num_partial_branches": 0, "covered_branches": 0, "missing_branches": 2, "percent_branches_covered": 0.0, "percent_branches_covered_display": "0"}, "missing_lines": [518, 520, 521, 523, 524, 525, 534, 539, 548, 549], "excluded_lines": [], "executed_branches": [], "missing_branches": [[520, 521], [520, 523]]}, "get_news": {"executed_lines": [], "summary": {"covered_lines": 0, "num_statements": 11, "percent_covered": 0.0, "percent_covered_display": "0", "missing_lines": 11, "excluded_lines": 0, "percent_statements_covered": 0.0, "percent_statements_covered_display": "0", "num_branches": 4, "num_partial_branches": 0, "covered_branches": 0, "missing_branches": 4, "percent_branches_covered": 0.0, "percent_branches_covered_display": "0"}, "missing_lines": [568, 570, 571, 573, 574, 575, 576, 578, 586, 598, 599], "excluded_lines": [], "executed_branches": [], "missing_branches": [[570, 571], [570, 573], [575, 576], [575, 578]]}, "get_most_actives": {"executed_lines": [], "summary": {"covered_lines": 0, "num_statements": 10, "percent_covered": 0.0, "percent_covered_display": "0", "missing_lines": 10, "excluded_lines": 0, "percent_statements_covered": 0.0, "percent_statements_covered_display": "0", "num_branches": 4, "num_partial_branches": 0, "covered_branches": 0, "missing_branches": 4, "percent_branches_covered": 0.0, "percent_branches_covered_display": "0"}, "missing_lines": [615, 617, 618, 620, 621, 623, 624, 626, 638, 639], "excluded_lines": [], "executed_branches": [], "missing_branches": [[617, 618], [617, 620], [620, 621], [620, 623]]}, "get_movers": {"executed_lines": [], "summary": {"covered_lines": 0, "num_statements": 8, "percent_covered": 0.0, "percent_covered_display": "0", "missing_lines": 8, "excluded_lines": 0, "percent_statements_covered": 0.0, "percent_statements_covered_display": "0", "num_branches": 2, "num_partial_branches": 0, "covered_branches": 0, "missing_branches": 2, "percent_branches_covered": 0.0, "percent_branches_covered_display": "0"}, "missing_lines": [650, 652, 653, 655, 656, 658, 672, 673], "excluded_lines": [], "executed_branches": [], "missing_branches": [[652, 653], [652, 655]]}, "get_corporate_actions": {"executed_lines": [], "summary": {"covered_lines": 0, "num_statements": 11, "percent_covered": 0.0, "percent_covered_display": "0", "missing_lines": 11, "excluded_lines": 0, "percent_statements_covered": 0.0, "percent_statements_covered_display": "0", "num_branches": 4, "num_partial_branches": 0, "covered_branches": 0, "missing_branches": 4, "percent_branches_covered": 0.0, "percent_branches_covered_display": "0"}, "missing_lines": [691, 693, 694, 696, 697, 698, 699, 701, 708, 720, 721], "excluded_lines": [], "executed_branches": [], "missing_branches": [[693, 694], [693, 696], [698, 699], [698, 701]]}, "get_condition_codes": {"executed_lines": [], "summary": {"covered_lines": 0, "num_statements": 8, "percent_covered": 0.0, "percent_covered_display": "0", "missing_lines": 8, "excluded_lines": 0, "percent_statements_covered": 0.0, "percent_statements_covered_display": "0", "num_branches": 2, "num_partial_branches": 0, "covered_branches": 0, "missing_branches": 2, "percent_branches_covered": 0.0, "percent_branches_covered_display": "0"}, "missing_lines": [736, 738, 739, 741, 742, 744, 753, 754], "excluded_lines": [], "executed_branches": [], "missing_branches": [[738, 739], [738, 741]]}, "get_exchange_codes": {"executed_lines": [], "summary": {"covered_lines": 0, "num_statements": 8, "percent_covered": 0.0, "percent_covered_display": "0", "missing_lines": 8, "excluded_lines": 0, "percent_statements_covered": 0.0, "percent_statements_covered_display": "0", "num_branches": 2, "num_partial_branches": 0, "covered_branches": 0, "missing_branches": 2, "percent_branches_covered": 0.0, "percent_branches_covered_display": "0"}, "missing_lines": [764, 766, 767, 769, 770, 772, 781, 782], "excluded_lines": [], "executed_branches": [], "missing_branches": [[766, 767], [766, 769]]}, "get_crypto_orderbook": {"executed_lines": [], "summary": {"covered_lines": 0, "num_statements": 11, "percent_covered": 0.0, "percent_covered_display": "0", "missing_lines": 11, "excluded_lines": 0, "percent_statements_covered": 0.0, "percent_statements_covered_display": "0", "num_branches": 4, "num_partial_branches": 0, "covered_branches": 0, "missing_branches": 4, "percent_branches_covered": 0.0, "percent_branches_covered_display": "0"}, "missing_lines": [792, 794, 795, 797, 798, 801, 802, 804, 806, 815, 816], "excluded_lines": [], "executed_branches": [], "missing_branches": [[794, 795], [794, 797], [801, 802], [801, 804]]}, "": {"executed_lines": [1, 3, 4, 6, 8, 9, 10, 12, 15, 16, 65, 66, 95, 96, 138, 139, 181, 182, 226, 227, 264, 265, 311, 312, 346, 347, 385, 386, 421, 422, 451, 452, 481, 482, 507, 508, 557, 558, 607, 608, 642, 643, 681, 682, 729, 730, 757, 758, 785, 786], "summary": {"covered_lines": 49, "num_statements": 49, "percent_covered": 100.0, "percent_covered_display": "100", "missing_lines": 0, "excluded_lines": 0, "percent_statements_covered": 100.0, "percent_statements_covered_display": "100", "num_branches": 0, "num_partial_branches": 0, "covered_branches": 0, "missing_branches": 0, "percent_branches_covered": 100.0, "percent_branches_covered_display": "100"}, "missing_lines": [], "excluded_lines": [], "executed_branches": [], "missing_branches": []}}, "classes": {"": {"executed_lines": [1, 3, 4, 6, 8, 9, 10, 12, 15, 16, 65, 66, 95, 96, 138, 139, 181, 182, 226, 227, 264, 265, 311, 312, 346, 347, 385, 386, 421, 422, 451, 452, 481, 482, 507, 508, 557, 558, 607, 608, 642, 643, 681, 682, 729, 730, 757, 758, 785, 786], "summary": {"covered_lines": 49, "num_statements": 260, "percent_covered": 14.939024390243903, "percent_covered_display": "15", "missing_lines": 211, "excluded_lines": 0, "percent_statements_covered": 18.846153846153847, "percent_statements_covered_display": "19", "num_branches": 68, "num_partial_branches": 0, "covered_branches": 0, "missing_branches": 68, "percent_branches_covered": 0.0, "percent_branches_covered_display": "0"}, "missing_lines": [27, 29, 30, 33, 34, 35, 36, 38, 39, 47, 61, 62, 72, 74, 75, 77, 78, 80, 81, 83, 89, 90, 91, 92, 105, 107, 108, 110, 111, 112, 113, 115, 116, 122, 134, 135, 145, 147, 148, 150, 151, 152, 153, 154, 162, 172, 173, 194, 196, 197, 199, 200, 210, 222, 223, 233, 235, 236, 238, 240, 241, 242, 247, 260, 261, 275, 277, 278, 280, 281, 282, 283, 285, 286, 294, 307, 308, 318, 320, 321, 323, 324, 326, 327, 329, 335, 336, 337, 338, 357, 359, 360, 362, 363, 371, 381, 382, 395, 397, 398, 400, 401, 408, 417, 418, 428, 430, 431, 433, 434, 436, 437, 439, 445, 446, 447, 448, 458, 460, 461, 463, 464, 466, 472, 473, 488, 490, 491, 493, 494, 495, 497, 503, 504, 518, 520, 521, 523, 524, 525, 534, 539, 548, 549, 568, 570, 571, 573, 574, 575, 576, 578, 586, 598, 599, 615, 617, 618, 620, 621, 623, 624, 626, 638, 639, 650, 652, 653, 655, 656, 658, 672, 673, 691, 693, 694, 696, 697, 698, 699, 701, 708, 720, 721, 736, 738, 739, 741, 742, 744, 753, 754, 764, 766, 767, 769, 770, 772, 781, 782, 792, 794, 795, 797, 798, 801, 802, 804, 806, 815, 816], "excluded_lines": [], "executed_branches": [], "missing_branches": [[29, 30], [29, 33], [33, 34], [33, 35], [35, 36], [35, 38], [74, 75], [74, 77], [80, 81], [80, 83], [107, 108], [107, 110], [110, 111], [110, 112], [112, 113], [112, 115], [147, 148], [147, 150], [196, 197], [196, 199], [235, 236], [235, 238], [277, 278], [277, 280], [280, 281], [280, 282], [282, 283], [282, 285], [320, 321], [320, 323], [326, 327], [326, 329], [359, 360], [359, 362], [397, 398], [397, 400], [430, 431], [430, 433], [436, 437], [436, 439], [460, 461], [460, 463], [490, 491], [490, 493], [520, 521], [520, 523], [570, 571], [570, 573], [575, 576], [575, 578], [617, 618], [617, 620], [620, 621], [620, 623], [652, 653], [652, 655], [693, 694], [693, 696], [698, 699], [698, 701], [738, 739], [738, 741], [766, 767], [766, 769], [794, 795], [794, 797], [801, 802], [801, 804]]}}}, "gateway/api/bulk.py": {"executed_lines": [1, 6, 7, 9, 10, 11, 13, 14, 20, 27, 28, 30, 36, 41, 46, 51, 55, 61, 62, 64, 70, 75, 79, 83, 93, 94, 96, 97, 98, 99, 102, 103, 105, 106, 107, 108, 109, 110, 111, 112, 113, 114, 121, 128, 167, 173, 198, 204, 248, 253, 280, 285, 307, 313], "summary": {"covered_lines": 49, "num_statements": 94, "percent_covered": 43.75, "percent_covered_display": "44", "missing_lines": 45, "excluded_lines": 0, "percent_statements_covered": 52.12765957446808, "percent_statements_covered_display": "52", "num_branches": 18, "num_partial_branches": 0, "covered_branches": 0, "missing_branches": 18, "percent_branches_covered": 0.0, "percent_branches_covered_display": "0"}, "missing_lines": [133, 136, 146, 147, 148, 150, 151, 152, 153, 157, 159, 178, 179, 181, 182, 184, 210, 211, 213, 214, 216, 217, 222, 223, 224, 231, 232, 233, 234, 242, 258, 260, 261, 262, 264, 266, 267, 273, 290, 291, 294, 295, 297, 322, 324], "excluded_lines": [], "executed_branches": [], "missing_branches": [[147, 148], [147, 150], [181, 182], [181, 184], [213, 214], [213, 216], [216, 217], [216, 222], [222, 223], [222, 231], [231, 232], [231, 242], [261, 262], [261, 264], [266, 267], [266, 273], [294, 295], [294, 297]], "functions": {"create_bulk_bars_job": {"executed_lines": [], "summary": {"covered_lines": 0, "num_statements": 11, "percent_covered": 0.0, "percent_covered_display": "0", "missing_lines": 11, "excluded_lines": 0, "percent_statements_covered": 0.0, "percent_statements_covered_display": "0", "num_branches": 2, "num_partial_branches": 0, "covered_branches": 0, "missing_branches": 2, "percent_branches_covered": 0.0, "percent_branches_covered_display": "0"}, "missing_lines": [133, 136, 146, 147, 148, 150, 151, 152, 153, 157, 159], "excluded_lines": [], "executed_branches": [], "missing_branches": [[147, 148], [147, 150]]}, "get_job_status": {"executed_lines": [], "summary": {"covered_lines": 0, "num_statements": 5, "percent_covered": 0.0, "percent_covered_display": "0", "missing_lines": 5, "excluded_lines": 0, "percent_statements_covered": 0.0, "percent_statements_covered_display": "0", "num_branches": 2, "num_partial_branches": 0, "covered_branches": 0, "missing_branches": 2, "percent_branches_covered": 0.0, "percent_branches_covered_display": "0"}, "missing_lines": [178, 179, 181, 182, 184], "excluded_lines": [], "executed_branches": [], "missing_branches": [[181, 182], [181, 184]]}, "download_job_results": {"executed_lines": [], "summary": {"covered_lines": 0, "num_statements": 14, "percent_covered": 0.0, "percent_covered_display": "0", "missing_lines": 14, "excluded_lines": 0, "percent_statements_covered": 0.0, "percent_statements_covered_display": "0", "num_branches": 8, "num_partial_branches": 0, "covered_branches": 0, "missing_branches": 8, "percent_branches_covered": 0.0, "percent_branches_covered_display": "0"}, "missing_lines": [210, 211, 213, 214, 216, 217, 222, 223, 224, 231, 232, 233, 234, 242], "excluded_lines": [], "executed_branches": [], "missing_branches": [[213, 214], [213, 216], [216, 217], [216, 222], [222, 223], [222, 231], [231, 232], [231, 242]]}, "cancel_job": {"executed_lines": [], "summary": {"covered_lines": 0, "num_statements": 8, "percent_covered": 0.0, "percent_covered_display": "0", "missing_lines": 8, "excluded_lines": 0, "percent_statements_covered": 0.0, "percent_statements_covered_display": "0", "num_branches": 4, "num_partial_branches": 0, "covered_branches": 0, "missing_branches": 4, "percent_branches_covered": 0.0, "percent_branches_covered_display": "0"}, "missing_lines": [258, 260, 261, 262, 264, 266, 267, 273], "excluded_lines": [], "executed_branches": [], "missing_branches": [[261, 262], [261, 264], [266, 267], [266, 273]]}, "list_jobs": {"executed_lines": [], "summary": {"covered_lines": 0, "num_statements": 5, "percent_covered": 0.0, "percent_covered_display": "0", "missing_lines": 5, "excluded_lines": 0, "percent_statements_covered": 0.0, "percent_statements_covered_display": "0", "num_branches": 2, "num_partial_branches": 0, "covered_branches": 0, "missing_branches": 2, "percent_branches_covered": 0.0, "percent_branches_covered_display": "0"}, "missing_lines": [290, 291, 294, 295, 297], "excluded_lines": [], "executed_branches": [], "missing_branches": [[294, 295], [294, 297]]}, "create_bulk_options_job": {"executed_lines": [], "summary": {"covered_lines": 0, "num_statements": 2, "percent_covered": 0.0, "percent_covered_display": "0", "missing_lines": 2, "excluded_lines": 0, "percent_statements_covered": 0.0, "percent_statements_covered_display": "0", "num_branches": 0, "num_partial_branches": 0, "covered_branches": 0, "missing_branches": 0, "percent_branches_covered": 100.0, "percent_branches_covered_display": "100"}, "missing_lines": [322, 324], "excluded_lines": [], "executed_branches": [], "missing_branches": []}, "": {"executed_lines": [1, 6, 7, 9, 10, 11, 13, 14, 20, 27, 28, 30, 36, 41, 46, 51, 55, 61, 62, 64, 70, 75, 79, 83, 93, 94, 96, 97, 98, 99, 102, 103, 105, 106, 107, 108, 109, 110, 111, 112, 113, 114, 121, 128, 167, 173, 198, 204, 248, 253, 280, 285, 307, 313], "summary": {"covered_lines": 49, "num_statements": 49, "percent_covered": 100.0, "percent_covered_display": "100", "missing_lines": 0, "excluded_lines": 0, "percent_statements_covered": 100.0, "percent_statements_covered_display": "100", "num_branches": 0, "num_partial_branches": 0, "covered_branches": 0, "missing_branches": 0, "percent_branches_covered": 100.0, "percent_branches_covered_display": "100"}, "missing_lines": [], "excluded_lines": [], "executed_branches": [], "missing_branches": []}}, "classes": {"BulkBarsRequestModel": {"executed_lines": [], "summary": {"covered_lines": 0, "num_statements": 0, "percent_covered": 100.0, "percent_covered_display": "100", "missing_lines": 0, "excluded_lines": 0, "percent_statements_covered": 100.0, "percent_statements_covered_display": "100", "num_branches": 0, "num_partial_branches": 0, "covered_branches": 0, "missing_branches": 0, "percent_branches_covered": 100.0, "percent_branches_covered_display": "100"}, "missing_lines": [], "excluded_lines": [], "executed_branches": [], "missing_branches": []}, "BulkOptionsRequestModel": {"executed_lines": [], "summary": {"covered_lines": 0, "num_statements": 0, "percent_covered": 100.0, "percent_covered_display": "100", "missing_lines": 0, "excluded_lines": 0, "percent_statements_covered": 100.0, "percent_statements_covered_display": "100", "num_branches": 0, "num_partial_branches": 0, "covered_branches": 0, "missing_branches": 0, "percent_branches_covered": 100.0, "percent_branches_covered_display": "100"}, "missing_lines": [], "excluded_lines": [], "executed_branches": [], "missing_branches": []}, "BulkJobCreatedResponse": {"executed_lines": [], "summary": {"covered_lines": 0, "num_statements": 0, "percent_covered": 100.0, "percent_covered_display": "100", "missing_lines": 0, "excluded_lines": 0, "percent_statements_covered": 100.0, "percent_statements_covered_display": "100", "num_branches": 0, "num_partial_branches": 0, "covered_branches": 0, "missing_branches": 0, "percent_branches_covered": 100.0, "percent_branches_covered_display": "100"}, "missing_lines": [], "excluded_lines": [], "executed_branches": [], "missing_branches": []}, "BulkJobStatusResponse": {"executed_lines": [], "summary": {"covered_lines": 0, "num_statements": 0, "percent_covered": 100.0, "percent_covered_display": "100", "missing_lines": 0, "excluded_lines": 0, "percent_statements_covered": 100.0, "percent_statements_covered_display": "100", "num_branches": 0, "num_partial_branches": 0, "covered_branches": 0, "missing_branches": 0, "percent_branches_covered": 100.0, "percent_branches_covered_display": "100"}, "missing_lines": [], "excluded_lines": [], "executed_branches": [], "missing_branches": []}, "": {"executed_lines": [1, 6, 7, 9, 10, 11, 13, 14, 20, 27, 28, 30, 36, 41, 46, 51, 55, 61, 62, 64, 70, 75, 79, 83, 93, 94, 96, 97, 98, 99, 102, 103, 105, 106, 107, 108, 109, 110, 111, 112, 113, 114, 121, 128, 167, 173, 198, 204, 248, 253, 280, 285, 307, 313], "summary": {"covered_lines": 49, "num_statements": 94, "percent_covered": 43.75, "percent_covered_display": "44", "missing_lines": 45, "excluded_lines": 0, "percent_statements_covered": 52.12765957446808, "percent_statements_covered_display": "52", "num_branches": 18, "num_partial_branches": 0, "covered_branches": 0, "missing_branches": 18, "percent_branches_covered": 0.0, "percent_branches_covered_display": "0"}, "missing_lines": [133, 136, 146, 147, 148, 150, 151, 152, 153, 157, 159, 178, 179, 181, 182, 184, 210, 211, 213, 214, 216, 217, 222, 223, 224, 231, 232, 233, 234, 242, 258, 260, 261, 262, 264, 266, 267, 273, 290, 291, 294, 295, 297, 322, 324], "excluded_lines": [], "executed_branches": [], "missing_branches": [[147, 148], [147, 150], [181, 182], [181, 184], [213, 214], [213, 216], [216, 217], [216, 222], [222, 223], [222, 231], [231, 232], [231, 242], [261, 262], [261, 264], [266, 267], [266, 273], [294, 295], [294, 297]]}}}, "gateway/api/calendar.py": {"executed_lines": [1, 6, 7, 9, 10, 12, 13, 18, 25, 26, 28, 29, 30, 31, 32, 33, 34, 35, 38, 39, 41, 42, 43, 46, 47, 49, 56, 62, 85, 91, 131, 137, 179, 184, 204, 209], "summary": {"covered_lines": 32, "num_statements": 86, "percent_covered": 33.333333333333336, "percent_covered_display": "33", "missing_lines": 54, "excluded_lines": 0, "percent_statements_covered": 37.2093023255814, "percent_statements_covered_display": "37", "num_branches": 10, "num_partial_branches": 0, "covered_branches": 0, "missing_branches": 10, "percent_branches_covered": 0.0, "percent_branches_covered_display": "0"}, "missing_lines": [71, 72, 73, 74, 79, 80, 82, 103, 104, 105, 106, 108, 109, 110, 111, 113, 114, 117, 118, 119, 121, 122, 124, 153, 154, 155, 156, 158, 159, 160, 161, 163, 165, 166, 168, 169, 171, 172, 174, 188, 189, 190, 191, 193, 218, 220, 221, 222, 223, 224, 226, 228, 229, 231], "excluded_lines": [], "executed_branches": [], "missing_branches": [[113, 114], [113, 117], [118, 119], [118, 121], [165, 166], [165, 168], [168, 169], [168, 171], [220, 221], [220, 226]], "functions": {"get_market_hours": {"executed_lines": [], "summary": {"covered_lines": 0, "num_statements": 7, "percent_covered": 0.0, "percent_covered_display": "0", "missing_lines": 7, "excluded_lines": 0, "percent_statements_covered": 0.0, "percent_statements_covered_display": "0", "num_branches": 0, "num_partial_branches": 0, "covered_branches": 0, "missing_branches": 0, "percent_branches_covered": 100.0, "percent_branches_covered_display": "100"}, "missing_lines": [71, 72, 73, 74, 79, 80, 82], "excluded_lines": [], "executed_branches": [], "missing_branches": []}, "get_trading_days": {"executed_lines": [], "summary": {"covered_lines": 0, "num_statements": 16, "percent_covered": 0.0, "percent_covered_display": "0", "missing_lines": 16, "excluded_lines": 0, "percent_statements_covered": 0.0, "percent_statements_covered_display": "0", "num_branches": 4, "num_partial_branches": 0, "covered_branches": 0, "missing_branches": 4, "percent_branches_covered": 0.0, "percent_branches_covered_display": "0"}, "missing_lines": [103, 104, 105, 106, 108, 109, 110, 111, 113, 114, 117, 118, 119, 121, 122, 124], "excluded_lines": [], "executed_branches": [], "missing_branches": [[113, 114], [113, 117], [118, 119], [118, 121]]}, "get_earnings": {"executed_lines": [], "summary": {"covered_lines": 0, "num_statements": 16, "percent_covered": 0.0, "percent_covered_display": "0", "missing_lines": 16, "excluded_lines": 0, "percent_statements_covered": 0.0, "percent_statements_covered_display": "0", "num_branches": 4, "num_partial_branches": 0, "covered_branches": 0, "missing_branches": 4, "percent_branches_covered": 0.0, "percent_branches_covered_display": "0"}, "missing_lines": [153, 154, 155, 156, 158, 159, 160, 161, 163, 165, 166, 168, 169, 171, 172, 174], "excluded_lines": [], "executed_branches": [], "missing_branches": [[165, 166], [165, 168], [168, 169], [168, 171]]}, "is_market_open": {"executed_lines": [], "summary": {"covered_lines": 0, "num_statements": 5, "percent_covered": 0.0, "percent_covered_display": "0", "missing_lines": 5, "excluded_lines": 0, "percent_statements_covered": 0.0, "percent_statements_covered_display": "0", "num_branches": 0, "num_partial_branches": 0, "covered_branches": 0, "missing_branches": 0, "percent_branches_covered": 100.0, "percent_branches_covered_display": "100"}, "missing_lines": [188, 189, 190, 191, 193], "excluded_lines": [], "executed_branches": [], "missing_branches": []}, "next_trading_day": {"executed_lines": [], "summary": {"covered_lines": 0, "num_statements": 10, "percent_covered": 0.0, "percent_covered_display": "0", "missing_lines": 10, "excluded_lines": 0, "percent_statements_covered": 0.0, "percent_statements_covered_display": "0", "num_branches": 2, "num_partial_branches": 0, "covered_branches": 0, "missing_branches": 2, "percent_branches_covered": 0.0, "percent_branches_covered_display": "0"}, "missing_lines": [218, 220, 221, 222, 223, 224, 226, 228, 229, 231], "excluded_lines": [], "executed_branches": [], "missing_branches": [[220, 221], [220, 226]]}, "": {"executed_lines": [1, 6, 7, 9, 10, 12, 13, 18, 25, 26, 28, 29, 30, 31, 32, 33, 34, 35, 38, 39, 41, 42, 43, 46, 47, 49, 56, 62, 85, 91, 131, 137, 179, 184, 204, 209], "summary": {"covered_lines": 32, "num_statements": 32, "percent_covered": 100.0, "percent_covered_display": "100", "missing_lines": 0, "excluded_lines": 0, "percent_statements_covered": 100.0, "percent_statements_covered_display": "100", "num_branches": 0, "num_partial_branches": 0, "covered_branches": 0, "missing_branches": 0, "percent_branches_covered": 100.0, "percent_branches_covered_display": "100"}, "missing_lines": [], "excluded_lines": [], "executed_branches": [], "missing_branches": []}}, "classes": {"MarketHoursResponse": {"executed_lines": [], "summary": {"covered_lines": 0, "num_statements": 0, "percent_covered": 100.0, "percent_covered_display": "100", "missing_lines": 0, "excluded_lines": 0, "percent_statements_covered": 100.0, "percent_statements_covered_display": "100", "num_branches": 0, "num_partial_branches": 0, "covered_branches": 0, "missing_branches": 0, "percent_branches_covered": 100.0, "percent_branches_covered_display": "100"}, "missing_lines": [], "excluded_lines": [], "executed_branches": [], "missing_branches": []}, "TradingDaysResponse": {"executed_lines": [], "summary": {"covered_lines": 0, "num_statements": 0, "percent_covered": 100.0, "percent_covered_display": "100", "missing_lines": 0, "excluded_lines": 0, "percent_statements_covered": 100.0, "percent_statements_covered_display": "100", "num_branches": 0, "num_partial_branches": 0, "covered_branches": 0, "missing_branches": 0, "percent_branches_covered": 100.0, "percent_branches_covered_display": "100"}, "missing_lines": [], "excluded_lines": [], "executed_branches": [], "missing_branches": []}, "EarningsResponse": {"executed_lines": [], "summary": {"covered_lines": 0, "num_statements": 0, "percent_covered": 100.0, "percent_covered_display": "100", "missing_lines": 0, "excluded_lines": 0, "percent_statements_covered": 100.0, "percent_statements_covered_display": "100", "num_branches": 0, "num_partial_branches": 0, "covered_branches": 0, "missing_branches": 0, "percent_branches_covered": 100.0, "percent_branches_covered_display": "100"}, "missing_lines": [], "excluded_lines": [], "executed_branches": [], "missing_branches": []}, "": {"executed_lines": [1, 6, 7, 9, 10, 12, 13, 18, 25, 26, 28, 29, 30, 31, 32, 33, 34, 35, 38, 39, 41, 42, 43, 46, 47, 49, 56, 62, 85, 91, 131, 137, 179, 184, 204, 209], "summary": {"covered_lines": 32, "num_statements": 86, "percent_covered": 33.333333333333336, "percent_covered_display": "33", "missing_lines": 54, "excluded_lines": 0, "percent_statements_covered": 37.2093023255814, "percent_statements_covered_display": "37", "num_branches": 10, "num_partial_branches": 0, "covered_branches": 0, "missing_branches": 10, "percent_branches_covered": 0.0, "percent_branches_covered_display": "0"}, "missing_lines": [71, 72, 73, 74, 79, 80, 82, 103, 104, 105, 106, 108, 109, 110, 111, 113, 114, 117, 118, 119, 121, 122, 124, 153, 154, 155, 156, 158, 159, 160, 161, 163, 165, 166, 168, 169, 171, 172, 174, 188, 189, 190, 191, 193, 218, 220, 221, 222, 223, 224, 226, 228, 229, 231], "excluded_lines": [], "executed_branches": [], "missing_branches": [[113, 114], [113, 117], [118, 119], [118, 121], [165, 166], [165, 168], [168, 169], [168, 171], [220, 221], [220, 226]]}}}, "gateway/api/corporate.py": {"executed_lines": [1, 7, 8, 10, 11, 13, 17, 20, 21, 28, 29, 31, 32, 35, 36, 38, 39, 42, 43, 45, 46, 49, 50, 52, 53, 60, 61, 107, 108, 123, 124, 143, 144, 169, 170], "summary": {"covered_lines": 30, "num_statements": 65, "percent_covered": 41.0958904109589, "percent_covered_display": "41", "missing_lines": 35, "excluded_lines": 0, "percent_statements_covered": 46.15384615384615, "percent_statements_covered_display": "46", "num_branches": 8, "num_partial_branches": 0, "covered_branches": 0, "missing_branches": 8, "percent_branches_covered": 0.0, "percent_branches_covered_display": "0"}, "missing_lines": [75, 76, 81, 84, 85, 86, 87, 88, 89, 97, 101, 114, 115, 117, 130, 131, 133, 154, 155, 160, 161, 163, 178, 181, 182, 183, 186, 189, 190, 191, 192, 193, 194, 195, 201], "excluded_lines": [], "executed_branches": [], "missing_branches": [[75, 76], [75, 81], [85, 86], [85, 97], [154, 155], [154, 160], [190, 191], [190, 201]], "functions": {"get_corporate_actions": {"executed_lines": [], "summary": {"covered_lines": 0, "num_statements": 11, "percent_covered": 0.0, "percent_covered_display": "0", "missing_lines": 11, "excluded_lines": 0, "percent_statements_covered": 0.0, "percent_statements_covered_display": "0", "num_branches": 4, "num_partial_branches": 0, "covered_branches": 0, "missing_branches": 4, "percent_branches_covered": 0.0, "percent_branches_covered_display": "0"}, "missing_lines": [75, 76, 81, 84, 85, 86, 87, 88, 89, 97, 101], "excluded_lines": [], "executed_branches": [], "missing_branches": [[75, 76], [75, 81], [85, 86], [85, 97]]}, "get_splits": {"executed_lines": [], "summary": {"covered_lines": 0, "num_statements": 3, "percent_covered": 0.0, "percent_covered_display": "0", "missing_lines": 3, "excluded_lines": 0, "percent_statements_covered": 0.0, "percent_statements_covered_display": "0", "num_branches": 0, "num_partial_branches": 0, "covered_branches": 0, "missing_branches": 0, "percent_branches_covered": 100.0, "percent_branches_covered_display": "100"}, "missing_lines": [114, 115, 117], "excluded_lines": [], "executed_branches": [], "missing_branches": []}, "get_dividends": {"executed_lines": [], "summary": {"covered_lines": 0, "num_statements": 3, "percent_covered": 0.0, "percent_covered_display": "0", "missing_lines": 3, "excluded_lines": 0, "percent_statements_covered": 0.0, "percent_statements_covered_display": "0", "num_branches": 0, "num_partial_branches": 0, "covered_branches": 0, "missing_branches": 0, "percent_branches_covered": 100.0, "percent_branches_covered_display": "100"}, "missing_lines": [130, 131, 133], "excluded_lines": [], "executed_branches": [], "missing_branches": []}, "get_adjustment_factors": {"executed_lines": [], "summary": {"covered_lines": 0, "num_statements": 5, "percent_covered": 0.0, "percent_covered_display": "0", "missing_lines": 5, "excluded_lines": 0, "percent_statements_covered": 0.0, "percent_statements_covered_display": "0", "num_branches": 2, "num_partial_branches": 0, "covered_branches": 0, "missing_branches": 2, "percent_branches_covered": 0.0, "percent_branches_covered_display": "0"}, "missing_lines": [154, 155, 160, 161, 163], "excluded_lines": [], "executed_branches": [], "missing_branches": [[154, 155], [154, 160]]}, "adjust_prices": {"executed_lines": [], "summary": {"covered_lines": 0, "num_statements": 13, "percent_covered": 0.0, "percent_covered_display": "0", "missing_lines": 13, "excluded_lines": 0, "percent_statements_covered": 0.0, "percent_statements_covered_display": "0", "num_branches": 2, "num_partial_branches": 0, "covered_branches": 0, "missing_branches": 2, "percent_branches_covered": 0.0, "percent_branches_covered_display": "0"}, "missing_lines": [178, 181, 182, 183, 186, 189, 190, 191, 192, 193, 194, 195, 201], "excluded_lines": [], "executed_branches": [], "missing_branches": [[190, 191], [190, 201]]}, "": {"executed_lines": [1, 7, 8, 10, 11, 13, 17, 20, 21, 28, 29, 31, 32, 35, 36, 38, 39, 42, 43, 45, 46, 49, 50, 52, 53, 60, 61, 107, 108, 123, 124, 143, 144, 169, 170], "summary": {"covered_lines": 30, "num_statements": 30, "percent_covered": 100.0, "percent_covered_display": "100", "missing_lines": 0, "excluded_lines": 0, "percent_statements_covered": 100.0, "percent_statements_covered_display": "100", "num_branches": 0, "num_partial_branches": 0, "covered_branches": 0, "missing_branches": 0, "percent_branches_covered": 100.0, "percent_branches_covered_display": "100"}, "missing_lines": [], "excluded_lines": [], "executed_branches": [], "missing_branches": []}}, "classes": {"CorporateActionsResponse": {"executed_lines": [], "summary": {"covered_lines": 0, "num_statements": 0, "percent_covered": 100.0, "percent_covered_display": "100", "missing_lines": 0, "excluded_lines": 0, "percent_statements_covered": 100.0, "percent_statements_covered_display": "100", "num_branches": 0, "num_partial_branches": 0, "covered_branches": 0, "missing_branches": 0, "percent_branches_covered": 100.0, "percent_branches_covered_display": "100"}, "missing_lines": [], "excluded_lines": [], "executed_branches": [], "missing_branches": []}, "AdjustmentFactorsResponse": {"executed_lines": [], "summary": {"covered_lines": 0, "num_statements": 0, "percent_covered": 100.0, "percent_covered_display": "100", "missing_lines": 0, "excluded_lines": 0, "percent_statements_covered": 100.0, "percent_statements_covered_display": "100", "num_branches": 0, "num_partial_branches": 0, "covered_branches": 0, "missing_branches": 0, "percent_branches_covered": 100.0, "percent_branches_covered_display": "100"}, "missing_lines": [], "excluded_lines": [], "executed_branches": [], "missing_branches": []}, "AdjustPricesRequest": {"executed_lines": [], "summary": {"covered_lines": 0, "num_statements": 0, "percent_covered": 100.0, "percent_covered_display": "100", "missing_lines": 0, "excluded_lines": 0, "percent_statements_covered": 100.0, "percent_statements_covered_display": "100", "num_branches": 0, "num_partial_branches": 0, "covered_branches": 0, "missing_branches": 0, "percent_branches_covered": 100.0, "percent_branches_covered_display": "100"}, "missing_lines": [], "excluded_lines": [], "executed_branches": [], "missing_branches": []}, "AdjustPricesResponse": {"executed_lines": [], "summary": {"covered_lines": 0, "num_statements": 0, "percent_covered": 100.0, "percent_covered_display": "100", "missing_lines": 0, "excluded_lines": 0, "percent_statements_covered": 100.0, "percent_statements_covered_display": "100", "num_branches": 0, "num_partial_branches": 0, "covered_branches": 0, "missing_branches": 0, "percent_branches_covered": 100.0, "percent_branches_covered_display": "100"}, "missing_lines": [], "excluded_lines": [], "executed_branches": [], "missing_branches": []}, "": {"executed_lines": [1, 7, 8, 10, 11, 13, 17, 20, 21, 28, 29, 31, 32, 35, 36, 38, 39, 42, 43, 45, 46, 49, 50, 52, 53, 60, 61, 107, 108, 123, 124, 143, 144, 169, 170], "summary": {"covered_lines": 30, "num_statements": 65, "percent_covered": 41.0958904109589, "percent_covered_display": "41", "missing_lines": 35, "excluded_lines": 0, "percent_statements_covered": 46.15384615384615, "percent_statements_covered_display": "46", "num_branches": 8, "num_partial_branches": 0, "covered_branches": 0, "missing_branches": 8, "percent_branches_covered": 0.0, "percent_branches_covered_display": "0"}, "missing_lines": [75, 76, 81, 84, 85, 86, 87, 88, 89, 97, 101, 114, 115, 117, 130, 131, 133, 154, 155, 160, 161, 163, 178, 181, 182, 183, 186, 189, 190, 191, 192, 193, 194, 195, 201], "excluded_lines": [], "executed_branches": [], "missing_branches": [[75, 76], [75, 81], [85, 86], [85, 97], [154, 155], [154, 160], [190, 191], [190, 201]]}}}, "gateway/api/deps.py": {"executed_lines": [1, 3, 4, 6, 8, 9, 10, 11, 12, 15, 16, 18, 19, 22, 23, 32, 33, 39, 42, 48, 55, 63, 64, 69, 70, 72, 73], "summary": {"covered_lines": 26, "num_statements": 34, "percent_covered": 72.5, "percent_covered_display": "72", "missing_lines": 8, "excluded_lines": 0, "percent_statements_covered": 76.47058823529412, "percent_statements_covered_display": "76", "num_branches": 6, "num_partial_branches": 1, "covered_branches": 3, "missing_branches": 3, "percent_branches_covered": 50.0, "percent_branches_covered_display": "50"}, "missing_lines": [25, 26, 35, 45, 50, 51, 52, 78], "excluded_lines": [], "executed_branches": [[63, 64], [63, 69], [72, 73]], "missing_branches": [[50, 51], [50, 52], [72, 78]], "functions": {"get_authenticator": {"executed_lines": [18, 19], "summary": {"covered_lines": 2, "num_statements": 2, "percent_covered": 100.0, "percent_covered_display": "100", "missing_lines": 0, "excluded_lines": 0, "percent_statements_covered": 100.0, "percent_statements_covered_display": "100", "num_branches": 0, "num_partial_branches": 0, "covered_branches": 0, "missing_branches": 0, "percent_branches_covered": 100.0, "percent_branches_covered_display": "100"}, "missing_lines": [], "excluded_lines": [], "executed_branches": [], "missing_branches": []}, "get_cache": {"executed_lines": [], "summary": {"covered_lines": 0, "num_statements": 2, "percent_covered": 0.0, "percent_covered_display": "0", "missing_lines": 2, "excluded_lines": 0, "percent_statements_covered": 0.0, "percent_statements_covered_display": "0", "num_branches": 0, "num_partial_branches": 0, "covered_branches": 0, "missing_branches": 0, "percent_branches_covered": 100.0, "percent_branches_covered_display": "100"}, "missing_lines": [25, 26], "excluded_lines": [], "executed_branches": [], "missing_branches": []}, "get_connection_manager": {"executed_lines": [], "summary": {"covered_lines": 0, "num_statements": 1, "percent_covered": 0.0, "percent_covered_display": "0", "missing_lines": 1, "excluded_lines": 0, "percent_statements_covered": 0.0, "percent_statements_covered_display": "0", "num_branches": 0, "num_partial_branches": 0, "covered_branches": 0, "missing_branches": 0, "percent_branches_covered": 100.0, "percent_branches_covered_display": "100"}, "missing_lines": [35], "excluded_lines": [], "executed_branches": [], "missing_branches": []}, "set_registry": {"executed_lines": [], "summary": {"covered_lines": 0, "num_statements": 1, "percent_covered": 0.0, "percent_covered_display": "0", "missing_lines": 1, "excluded_lines": 0, "percent_statements_covered": 0.0, "percent_statements_covered_display": "0", "num_branches": 0, "num_partial_branches": 0, "covered_branches": 0, "missing_branches": 0, "percent_branches_covered": 100.0, "percent_branches_covered_display": "100"}, "missing_lines": [45], "excluded_lines": [], "executed_branches": [], "missing_branches": []}, "get_registry": {"executed_lines": [], "summary": {"covered_lines": 0, "num_statements": 3, "percent_covered": 0.0, "percent_covered_display": "0", "missing_lines": 3, "excluded_lines": 0, "percent_statements_covered": 0.0, "percent_statements_covered_display": "0", "num_branches": 2, "num_partial_branches": 0, "covered_branches": 0, "missing_branches": 2, "percent_branches_covered": 0.0, "percent_branches_covered_display": "0"}, "missing_lines": [50, 51, 52], "excluded_lines": [], "executed_branches": [], "missing_branches": [[50, 51], [50, 52]]}, "require_api_key": {"executed_lines": [63, 64, 69, 70, 72, 73], "summary": {"covered_lines": 6, "num_statements": 7, "percent_covered": 81.81818181818181, "percent_covered_display": "82", "missing_lines": 1, "excluded_lines": 0, "percent_statements_covered": 85.71428571428571, "percent_statements_covered_display": "86", "num_branches": 4, "num_partial_branches": 1, "covered_branches": 3, "missing_branches": 1, "percent_branches_covered": 75.0, "percent_branches_covered_display": "75"}, "missing_lines": [78], "excluded_lines": [], "executed_branches": [[63, 64], [63, 69], [72, 73]], "missing_branches": [[72, 78]]}, "": {"executed_lines": [1, 3, 4, 6, 8, 9, 10, 11, 12, 15, 16, 22, 23, 32, 33, 39, 42, 48, 55], "summary": {"covered_lines": 18, "num_statements": 18, "percent_covered": 100.0, "percent_covered_display": "100", "missing_lines": 0, "excluded_lines": 0, "percent_statements_covered": 100.0, "percent_statements_covered_display": "100", "num_branches": 0, "num_partial_branches": 0, "covered_branches": 0, "missing_branches": 0, "percent_branches_covered": 100.0, "percent_branches_covered_display": "100"}, "missing_lines": [], "excluded_lines": [], "executed_branches": [], "missing_branches": []}}, "classes": {"": {"executed_lines": [1, 3, 4, 6, 8, 9, 10, 11, 12, 15, 16, 18, 19, 22, 23, 32, 33, 39, 42, 48, 55, 63, 64, 69, 70, 72, 73], "summary": {"covered_lines": 26, "num_statements": 34, "percent_covered": 72.5, "percent_covered_display": "72", "missing_lines": 8, "excluded_lines": 0, "percent_statements_covered": 76.47058823529412, "percent_statements_covered_display": "76", "num_branches": 6, "num_partial_branches": 1, "covered_branches": 3, "missing_branches": 3, "percent_branches_covered": 50.0, "percent_branches_covered_display": "50"}, "missing_lines": [25, 26, 35, 45, 50, 51, 52, 78], "excluded_lines": [], "executed_branches": [[63, 64], [63, 69], [72, 73]], "missing_branches": [[50, 51], [50, 52], [72, 78]]}}}, "gateway/api/health.py": {"executed_lines": [1, 3, 4, 6, 8, 9, 10, 11, 13, 16, 17, 19, 22, 23, 28, 34, 35, 36, 38, 43, 45, 51, 52, 57], "summary": {"covered_lines": 23, "num_statements": 26, "percent_covered": 85.71428571428571, "percent_covered_display": "86", "missing_lines": 3, "excluded_lines": 0, "percent_statements_covered": 88.46153846153847, "percent_statements_covered_display": "88", "num_branches": 2, "num_partial_branches": 1, "covered_branches": 1, "missing_branches": 1, "percent_branches_covered": 50.0, "percent_branches_covered_display": "50"}, "missing_lines": [37, 39, 40], "excluded_lines": [], "executed_branches": [[36, 38]], "missing_branches": [[36, 37]], "functions": {"liveness": {"executed_lines": [19], "summary": {"covered_lines": 1, "num_statements": 1, "percent_covered": 100.0, "percent_covered_display": "100", "missing_lines": 0, "excluded_lines": 0, "percent_statements_covered": 100.0, "percent_statements_covered_display": "100", "num_branches": 0, "num_partial_branches": 0, "covered_branches": 0, "missing_branches": 0, "percent_branches_covered": 100.0, "percent_branches_covered_display": "100"}, "missing_lines": [], "excluded_lines": [], "executed_branches": [], "missing_branches": []}, "readiness": {"executed_lines": [28, 34, 35, 36, 38, 43, 45], "summary": {"covered_lines": 7, "num_statements": 10, "percent_covered": 66.66666666666667, "percent_covered_display": "67", "missing_lines": 3, "excluded_lines": 0, "percent_statements_covered": 70.0, "percent_statements_covered_display": "70", "num_branches": 2, "num_partial_branches": 1, "covered_branches": 1, "missing_branches": 1, "percent_branches_covered": 50.0, "percent_branches_covered_display": "50"}, "missing_lines": [37, 39, 40], "excluded_lines": [], "executed_branches": [[36, 38]], "missing_branches": [[36, 37]]}, "detailed_status": {"executed_lines": [57], "summary": {"covered_lines": 1, "num_statements": 1, "percent_covered": 100.0, "percent_covered_display": "100", "missing_lines": 0, "excluded_lines": 0, "percent_statements_covered": 100.0, "percent_statements_covered_display": "100", "num_branches": 0, "num_partial_branches": 0, "covered_branches": 0, "missing_branches": 0, "percent_branches_covered": 100.0, "percent_branches_covered_display": "100"}, "missing_lines": [], "excluded_lines": [], "executed_branches": [], "missing_branches": []}, "": {"executed_lines": [1, 3, 4, 6, 8, 9, 10, 11, 13, 16, 17, 22, 23, 51, 52], "summary": {"covered_lines": 14, "num_statements": 14, "percent_covered": 100.0, "percent_covered_display": "100", "missing_lines": 0, "excluded_lines": 0, "percent_statements_covered": 100.0, "percent_statements_covered_display": "100", "num_branches": 0, "num_partial_branches": 0, "covered_branches": 0, "missing_branches": 0, "percent_branches_covered": 100.0, "percent_branches_covered_display": "100"}, "missing_lines": [], "excluded_lines": [], "executed_branches": [], "missing_branches": []}}, "classes": {"": {"executed_lines": [1, 3, 4, 6, 8, 9, 10, 11, 13, 16, 17, 19, 22, 23, 28, 34, 35, 36, 38, 43, 45, 51, 52, 57], "summary": {"covered_lines": 23, "num_statements": 26, "percent_covered": 85.71428571428571, "percent_covered_display": "86", "missing_lines": 3, "excluded_lines": 0, "percent_statements_covered": 88.46153846153847, "percent_statements_covered_display": "88", "num_branches": 2, "num_partial_branches": 1, "covered_branches": 1, "missing_branches": 1, "percent_branches_covered": 50.0, "percent_branches_covered_display": "50"}, "missing_lines": [37, 39, 40], "excluded_lines": [], "executed_branches": [[36, 38]], "missing_branches": [[36, 37]]}}}, "gateway/api/metrics.py": {"executed_lines": [1, 3, 4, 5, 7, 9, 12, 13, 19, 21], "summary": {"covered_lines": 9, "num_statements": 9, "percent_covered": 100.0, "percent_covered_display": "100", "missing_lines": 0, "excluded_lines": 0, "percent_statements_covered": 100.0, "percent_statements_covered_display": "100", "num_branches": 0, "num_partial_branches": 0, "covered_branches": 0, "missing_branches": 0, "percent_branches_covered": 100.0, "percent_branches_covered_display": "100"}, "missing_lines": [], "excluded_lines": [], "executed_branches": [], "missing_branches": [], "functions": {"get_metrics": {"executed_lines": [19, 21], "summary": {"covered_lines": 2, "num_statements": 2, "percent_covered": 100.0, "percent_covered_display": "100", "missing_lines": 0, "excluded_lines": 0, "percent_statements_covered": 100.0, "percent_statements_covered_display": "100", "num_branches": 0, "num_partial_branches": 0, "covered_branches": 0, "missing_branches": 0, "percent_branches_covered": 100.0, "percent_branches_covered_display": "100"}, "missing_lines": [], "excluded_lines": [], "executed_branches": [], "missing_branches": []}, "": {"executed_lines": [1, 3, 4, 5, 7, 9, 12, 13], "summary": {"covered_lines": 7, "num_statements": 7, "percent_covered": 100.0, "percent_covered_display": "100", "missing_lines": 0, "excluded_lines": 0, "percent_statements_covered": 100.0, "percent_statements_covered_display": "100", "num_branches": 0, "num_partial_branches": 0, "covered_branches": 0, "missing_branches": 0, "percent_branches_covered": 100.0, "percent_branches_covered_display": "100"}, "missing_lines": [], "excluded_lines": [], "executed_branches": [], "missing_branches": []}}, "classes": {"": {"executed_lines": [1, 3, 4, 5, 7, 9, 12, 13, 19, 21], "summary": {"covered_lines": 9, "num_statements": 9, "percent_covered": 100.0, "percent_covered_display": "100", "missing_lines": 0, "excluded_lines": 0, "percent_statements_covered": 100.0, "percent_statements_covered_display": "100", "num_branches": 0, "num_partial_branches": 0, "covered_branches": 0, "missing_branches": 0, "percent_branches_covered": 100.0, "percent_branches_covered_display": "100"}, "missing_lines": [], "excluded_lines": [], "executed_branches": [], "missing_branches": []}}}, "gateway/api/middleware.py": {"executed_lines": [1, 3, 4, 5, 6, 8, 9, 10, 12, 15, 16, 17, 19, 20, 21, 23, 25, 28, 32, 33, 34, 37, 38, 40, 43, 44, 55, 56, 57, 58, 60, 62, 65, 66, 70, 73, 78, 92, 95, 96, 98, 100, 103, 108, 109, 110, 113, 114, 116, 118, 126, 127, 128, 130, 131, 132, 133, 135, 136, 138, 140, 141, 143, 144, 146, 148, 151, 152, 160, 161, 162, 163, 165, 167, 171, 177, 180, 181, 182, 194, 197, 198, 199, 200, 202, 209, 221, 222, 224, 226], "summary": {"covered_lines": 85, "num_statements": 98, "percent_covered": 83.87096774193549, "percent_covered_display": "84", "missing_lines": 13, "excluded_lines": 0, "percent_statements_covered": 86.73469387755102, "percent_statements_covered_display": "87", "num_branches": 26, "num_partial_branches": 7, "covered_branches": 19, "missing_branches": 7, "percent_branches_covered": 73.07692307692308, "percent_branches_covered_display": "73"}, "missing_lines": [29, 30, 35, 74, 75, 79, 84, 104, 105, 168, 172, 173, 174], "excluded_lines": [], "executed_branches": [[28, 32], [32, 33], [65, 66], [65, 70], [73, 78], [78, 92], [95, 96], [95, 98], [103, 108], [109, 110], [109, 113], [167, 171], [171, 177], [181, 182], [181, 194], [197, 198], [197, 221], [199, 200], [199, 202]], "missing_branches": [[28, 29], [32, 35], [73, 74], [78, 79], [103, 104], [167, 168], [171, 172]], "functions": {"RateLimitBucket.consume": {"executed_lines": [25, 28, 32, 33, 34], "summary": {"covered_lines": 5, "num_statements": 8, "percent_covered": 58.333333333333336, "percent_covered_display": "58", "missing_lines": 3, "excluded_lines": 0, "percent_statements_covered": 62.5, "percent_statements_covered_display": "62", "num_branches": 4, "num_partial_branches": 2, "covered_branches": 2, "missing_branches": 2, "percent_branches_covered": 50.0, "percent_branches_covered_display": "50"}, "missing_lines": [29, 30, 35], "excluded_lines": [], "executed_branches": [[28, 32], [32, 33]], "missing_branches": [[28, 29], [32, 35]]}, "RateLimitBucket.reset_after": {"executed_lines": [40], "summary": {"covered_lines": 1, "num_statements": 1, "percent_covered": 100.0, "percent_covered_display": "100", "missing_lines": 0, "excluded_lines": 0, "percent_statements_covered": 100.0, "percent_statements_covered_display": "100", "num_branches": 0, "num_partial_branches": 0, "covered_branches": 0, "missing_branches": 0, "percent_branches_covered": 100.0, "percent_branches_covered_display": "100"}, "missing_lines": [], "excluded_lines": [], "executed_branches": [], "missing_branches": []}, "RateLimitMiddleware.__init__": {"executed_lines": [56, 57, 58], "summary": {"covered_lines": 3, "num_statements": 3, "percent_covered": 100.0, "percent_covered_display": "100", "missing_lines": 0, "excluded_lines": 0, "percent_statements_covered": 100.0, "percent_statements_covered_display": "100", "num_branches": 0, "num_partial_branches": 0, "covered_branches": 0, "missing_branches": 0, "percent_branches_covered": 100.0, "percent_branches_covered_display": "100"}, "missing_lines": [], "excluded_lines": [], "executed_branches": [], "missing_branches": []}, "RateLimitMiddleware.dispatch": {"executed_lines": [62, 65, 66, 70, 73, 78, 92, 95, 96, 98], "summary": {"covered_lines": 10, "num_statements": 14, "percent_covered": 72.72727272727273, "percent_covered_display": "73", "missing_lines": 4, "excluded_lines": 0, "percent_statements_covered": 71.42857142857143, "percent_statements_covered_display": "71", "num_branches": 8, "num_partial_branches": 2, "covered_branches": 6, "missing_branches": 2, "percent_branches_covered": 75.0, "percent_branches_covered_display": "75"}, "missing_lines": [74, 75, 79, 84], "excluded_lines": [], "executed_branches": [[65, 66], [65, 70], [73, 78], [78, 92], [95, 96], [95, 98]], "missing_branches": [[73, 74], [78, 79]]}, "RateLimitMiddleware._get_client_info": {"executed_lines": [103, 108, 109, 110, 113, 114], "summary": {"covered_lines": 6, "num_statements": 8, "percent_covered": 75.0, "percent_covered_display": "75", "missing_lines": 2, "excluded_lines": 0, "percent_statements_covered": 75.0, "percent_statements_covered_display": "75", "num_branches": 4, "num_partial_branches": 1, "covered_branches": 3, "missing_branches": 1, "percent_branches_covered": 75.0, "percent_branches_covered_display": "75"}, "missing_lines": [104, 105], "excluded_lines": [], "executed_branches": [[103, 108], [109, 110], [109, 113]], "missing_branches": [[103, 104]]}, "RateLimitMiddleware._rate_limit_headers": {"executed_lines": [118], "summary": {"covered_lines": 1, "num_statements": 1, "percent_covered": 100.0, "percent_covered_display": "100", "missing_lines": 0, "excluded_lines": 0, "percent_statements_covered": 100.0, "percent_statements_covered_display": "100", "num_branches": 0, "num_partial_branches": 0, "covered_branches": 0, "missing_branches": 0, "percent_branches_covered": 100.0, "percent_branches_covered_display": "100"}, "missing_lines": [], "excluded_lines": [], "executed_branches": [], "missing_branches": []}, "CacheEntry.age_ms": {"executed_lines": [138], "summary": {"covered_lines": 1, "num_statements": 1, "percent_covered": 100.0, "percent_covered_display": "100", "missing_lines": 0, "excluded_lines": 0, "percent_statements_covered": 100.0, "percent_statements_covered_display": "100", "num_branches": 0, "num_partial_branches": 0, "covered_branches": 0, "missing_branches": 0, "percent_branches_covered": 100.0, "percent_branches_covered_display": "100"}, "missing_lines": [], "excluded_lines": [], "executed_branches": [], "missing_branches": []}, "CacheEntry.ttl_remaining": {"executed_lines": [143, 144], "summary": {"covered_lines": 2, "num_statements": 2, "percent_covered": 100.0, "percent_covered_display": "100", "missing_lines": 0, "excluded_lines": 0, "percent_statements_covered": 100.0, "percent_statements_covered_display": "100", "num_branches": 0, "num_partial_branches": 0, "covered_branches": 0, "missing_branches": 0, "percent_branches_covered": 100.0, "percent_branches_covered_display": "100"}, "missing_lines": [], "excluded_lines": [], "executed_branches": [], "missing_branches": []}, "CacheEntry.is_expired": {"executed_lines": [148], "summary": {"covered_lines": 1, "num_statements": 1, "percent_covered": 100.0, "percent_covered_display": "100", "missing_lines": 0, "excluded_lines": 0, "percent_statements_covered": 100.0, "percent_statements_covered_display": "100", "num_branches": 0, "num_partial_branches": 0, "covered_branches": 0, "missing_branches": 0, "percent_branches_covered": 100.0, "percent_branches_covered_display": "100"}, "missing_lines": [], "excluded_lines": [], "executed_branches": [], "missing_branches": []}, "CacheMiddleware.__init__": {"executed_lines": [161, 162, 163], "summary": {"covered_lines": 3, "num_statements": 3, "percent_covered": 100.0, "percent_covered_display": "100", "missing_lines": 0, "excluded_lines": 0, "percent_statements_covered": 100.0, "percent_statements_covered_display": "100", "num_branches": 0, "num_partial_branches": 0, "covered_branches": 0, "missing_branches": 0, "percent_branches_covered": 100.0, "percent_branches_covered_display": "100"}, "missing_lines": [], "excluded_lines": [], "executed_branches": [], "missing_branches": []}, "CacheMiddleware.dispatch": {"executed_lines": [167, 171, 177, 180, 181, 182, 194, 197, 198, 199, 200, 202, 209, 221, 222], "summary": {"covered_lines": 15, "num_statements": 19, "percent_covered": 79.3103448275862, "percent_covered_display": "79", "missing_lines": 4, "excluded_lines": 0, "percent_statements_covered": 78.94736842105263, "percent_statements_covered_display": "79", "num_branches": 10, "num_partial_branches": 2, "covered_branches": 8, "missing_branches": 2, "percent_branches_covered": 80.0, "percent_branches_covered_display": "80"}, "missing_lines": [168, 172, 173, 174], "excluded_lines": [], "executed_branches": [[167, 171], [171, 177], [181, 182], [181, 194], [197, 198], [197, 221], [199, 200], [199, 202]], "missing_branches": [[167, 168], [171, 172]]}, "CacheMiddleware._cache_key": {"executed_lines": [226], "summary": {"covered_lines": 1, "num_statements": 1, "percent_covered": 100.0, "percent_covered_display": "100", "missing_lines": 0, "excluded_lines": 0, "percent_statements_covered": 100.0, "percent_statements_covered_display": "100", "num_branches": 0, "num_partial_branches": 0, "covered_branches": 0, "missing_branches": 0, "percent_branches_covered": 100.0, "percent_branches_covered_display": "100"}, "missing_lines": [], "excluded_lines": [], "executed_branches": [], "missing_branches": []}, "": {"executed_lines": [1, 3, 4, 5, 6, 8, 9, 10, 12, 15, 16, 17, 19, 20, 21, 23, 37, 38, 43, 44, 55, 60, 100, 116, 126, 127, 128, 130, 131, 132, 133, 135, 136, 140, 141, 146, 151, 152, 160, 165, 224], "summary": {"covered_lines": 36, "num_statements": 36, "percent_covered": 100.0, "percent_covered_display": "100", "missing_lines": 0, "excluded_lines": 0, "percent_statements_covered": 100.0, "percent_statements_covered_display": "100", "num_branches": 0, "num_partial_branches": 0, "covered_branches": 0, "missing_branches": 0, "percent_branches_covered": 100.0, "percent_branches_covered_display": "100"}, "missing_lines": [], "excluded_lines": [], "executed_branches": [], "missing_branches": []}}, "classes": {"RateLimitBucket": {"executed_lines": [25, 28, 32, 33, 34, 40], "summary": {"covered_lines": 6, "num_statements": 9, "percent_covered": 61.53846153846154, "percent_covered_display": "62", "missing_lines": 3, "excluded_lines": 0, "percent_statements_covered": 66.66666666666667, "percent_statements_covered_display": "67", "num_branches": 4, "num_partial_branches": 2, "covered_branches": 2, "missing_branches": 2, "percent_branches_covered": 50.0, "percent_branches_covered_display": "50"}, "missing_lines": [29, 30, 35], "excluded_lines": [], "executed_branches": [[28, 32], [32, 33]], "missing_branches": [[28, 29], [32, 35]]}, "RateLimitMiddleware": {"executed_lines": [56, 57, 58, 62, 65, 66, 70, 73, 78, 92, 95, 96, 98, 103, 108, 109, 110, 113, 114, 118], "summary": {"covered_lines": 20, "num_statements": 26, "percent_covered": 76.3157894736842, "percent_covered_display": "76", "missing_lines": 6, "excluded_lines": 0, "percent_statements_covered": 76.92307692307692, "percent_statements_covered_display": "77", "num_branches": 12, "num_partial_branches": 3, "covered_branches": 9, "missing_branches": 3, "percent_branches_covered": 75.0, "percent_branches_covered_display": "75"}, "missing_lines": [74, 75, 79, 84, 104, 105], "excluded_lines": [], "executed_branches": [[65, 66], [65, 70], [73, 78], [78, 92], [95, 96], [95, 98], [103, 108], [109, 110], [109, 113]], "missing_branches": [[73, 74], [78, 79], [103, 104]]}, "CacheEntry": {"executed_lines": [138, 143, 144, 148], "summary": {"covered_lines": 4, "num_statements": 4, "percent_covered": 100.0, "percent_covered_display": "100", "missing_lines": 0, "excluded_lines": 0, "percent_statements_covered": 100.0, "percent_statements_covered_display": "100", "num_branches": 0, "num_partial_branches": 0, "covered_branches": 0, "missing_branches": 0, "percent_branches_covered": 100.0, "percent_branches_covered_display": "100"}, "missing_lines": [], "excluded_lines": [], "executed_branches": [], "missing_branches": []}, "CacheMiddleware": {"executed_lines": [161, 162, 163, 167, 171, 177, 180, 181, 182, 194, 197, 198, 199, 200, 202, 209, 221, 222, 226], "summary": {"covered_lines": 19, "num_statements": 23, "percent_covered": 81.81818181818181, "percent_covered_display": "82", "missing_lines": 4, "excluded_lines": 0, "percent_statements_covered": 82.6086956521739, "percent_statements_covered_display": "83", "num_branches": 10, "num_partial_branches": 2, "covered_branches": 8, "missing_branches": 2, "percent_branches_covered": 80.0, "percent_branches_covered_display": "80"}, "missing_lines": [168, 172, 173, 174], "excluded_lines": [], "executed_branches": [[167, 171], [171, 177], [181, 182], [181, 194], [197, 198], [197, 221], [199, 200], [199, 202]], "missing_branches": [[167, 168], [171, 172]]}, "": {"executed_lines": [1, 3, 4, 5, 6, 8, 9, 10, 12, 15, 16, 17, 19, 20, 21, 23, 37, 38, 43, 44, 55, 60, 100, 116, 126, 127, 128, 130, 131, 132, 133, 135, 136, 140, 141, 146, 151, 152, 160, 165, 224], "summary": {"covered_lines": 36, "num_statements": 36, "percent_covered": 100.0, "percent_covered_display": "100", "missing_lines": 0, "excluded_lines": 0, "percent_statements_covered": 100.0, "percent_statements_covered_display": "100", "num_branches": 0, "num_partial_branches": 0, "covered_branches": 0, "missing_branches": 0, "percent_branches_covered": 100.0, "percent_branches_covered_display": "100"}, "missing_lines": [], "excluded_lines": [], "executed_branches": [], "missing_branches": []}}}, "gateway/api/news.py": {"executed_lines": [1, 3, 4, 6, 8, 9, 10, 11, 13, 16, 19, 27, 33, 34, 88, 89, 128, 129], "summary": {"covered_lines": 17, "num_statements": 72, "percent_covered": 20.238095238095237, "percent_covered_display": "20", "missing_lines": 55, "excluded_lines": 0, "percent_statements_covered": 23.61111111111111, "percent_statements_covered_display": "24", "num_branches": 12, "num_partial_branches": 0, "covered_branches": 0, "missing_branches": 12, "percent_branches_covered": 0.0, "percent_branches_covered_display": "0"}, "missing_lines": [22, 23, 24, 29, 30, 46, 47, 50, 53, 54, 57, 58, 59, 60, 62, 63, 73, 74, 76, 77, 81, 82, 95, 96, 98, 99, 100, 101, 103, 104, 105, 106, 111, 112, 114, 115, 116, 117, 121, 122, 135, 136, 138, 139, 140, 141, 142, 144, 145, 147, 148, 150, 151, 155, 156], "excluded_lines": [], "executed_branches": [], "missing_branches": [[22, 23], [22, 24], [29, -27], [29, 30], [59, 60], [59, 62], [100, 101], [100, 103], [105, 106], [105, 111], [141, 142], [141, 144]], "functions": {"get_news_provider": {"executed_lines": [], "summary": {"covered_lines": 0, "num_statements": 3, "percent_covered": 0.0, "percent_covered_display": "0", "missing_lines": 3, "excluded_lines": 0, "percent_statements_covered": 0.0, "percent_statements_covered_display": "0", "num_branches": 2, "num_partial_branches": 0, "covered_branches": 0, "missing_branches": 2, "percent_branches_covered": 0.0, "percent_branches_covered_display": "0"}, "missing_lines": [22, 23, 24], "excluded_lines": [], "executed_branches": [], "missing_branches": [[22, 23], [22, 24]]}, "_ensure_initialized": {"executed_lines": [], "summary": {"covered_lines": 0, "num_statements": 2, "percent_covered": 0.0, "percent_covered_display": "0", "missing_lines": 2, "excluded_lines": 0, "percent_statements_covered": 0.0, "percent_statements_covered_display": "0", "num_branches": 2, "num_partial_branches": 0, "covered_branches": 0, "missing_branches": 2, "percent_branches_covered": 0.0, "percent_branches_covered_display": "0"}, "missing_lines": [29, 30], "excluded_lines": [], "executed_branches": [], "missing_branches": [[29, -27], [29, 30]]}, "get_articles": {"executed_lines": [], "summary": {"covered_lines": 0, "num_statements": 17, "percent_covered": 0.0, "percent_covered_display": "0", "missing_lines": 17, "excluded_lines": 0, "percent_statements_covered": 0.0, "percent_statements_covered_display": "0", "num_branches": 2, "num_partial_branches": 0, "covered_branches": 0, "missing_branches": 2, "percent_branches_covered": 0.0, "percent_branches_covered_display": "0"}, "missing_lines": [46, 47, 50, 53, 54, 57, 58, 59, 60, 62, 63, 73, 74, 76, 77, 81, 82], "excluded_lines": [], "executed_branches": [], "missing_branches": [[59, 60], [59, 62]]}, "get_article": {"executed_lines": [], "summary": {"covered_lines": 0, "num_statements": 18, "percent_covered": 0.0, "percent_covered_display": "0", "missing_lines": 18, "excluded_lines": 0, "percent_statements_covered": 0.0, "percent_statements_covered_display": "0", "num_branches": 4, "num_partial_branches": 0, "covered_branches": 0, "missing_branches": 4, "percent_branches_covered": 0.0, "percent_branches_covered_display": "0"}, "missing_lines": [95, 96, 98, 99, 100, 101, 103, 104, 105, 106, 111, 112, 114, 115, 116, 117, 121, 122], "excluded_lines": [], "executed_branches": [], "missing_branches": [[100, 101], [100, 103], [105, 106], [105, 111]]}, "get_sentiment": {"executed_lines": [], "summary": {"covered_lines": 0, "num_statements": 15, "percent_covered": 0.0, "percent_covered_display": "0", "missing_lines": 15, "excluded_lines": 0, "percent_statements_covered": 0.0, "percent_statements_covered_display": "0", "num_branches": 2, "num_partial_branches": 0, "covered_branches": 0, "missing_branches": 2, "percent_branches_covered": 0.0, "percent_branches_covered_display": "0"}, "missing_lines": [135, 136, 138, 139, 140, 141, 142, 144, 145, 147, 148, 150, 151, 155, 156], "excluded_lines": [], "executed_branches": [], "missing_branches": [[141, 142], [141, 144]]}, "": {"executed_lines": [1, 3, 4, 6, 8, 9, 10, 11, 13, 16, 19, 27, 33, 34, 88, 89, 128, 129], "summary": {"covered_lines": 17, "num_statements": 17, "percent_covered": 100.0, "percent_covered_display": "100", "missing_lines": 0, "excluded_lines": 0, "percent_statements_covered": 100.0, "percent_statements_covered_display": "100", "num_branches": 0, "num_partial_branches": 0, "covered_branches": 0, "missing_branches": 0, "percent_branches_covered": 100.0, "percent_branches_covered_display": "100"}, "missing_lines": [], "excluded_lines": [], "executed_branches": [], "missing_branches": []}}, "classes": {"": {"executed_lines": [1, 3, 4, 6, 8, 9, 10, 11, 13, 16, 19, 27, 33, 34, 88, 89, 128, 129], "summary": {"covered_lines": 17, "num_statements": 72, "percent_covered": 20.238095238095237, "percent_covered_display": "2
[...]
s": [], "missing_branches": []}, "SubscriptionAck": {"executed_lines": [], "summary": {"covered_lines": 0, "num_statements": 0, "percent_covered": 100.0, "percent_covered_display": "100", "missing_lines": 0, "excluded_lines": 0, "percent_statements_covered": 100.0, "percent_statements_covered_display": "100", "num_branches": 0, "num_partial_branches": 0, "covered_branches": 0, "missing_branches": 0, "percent_branches_covered": 100.0, "percent_branches_covered_display": "100"}, "missing_lines": [], "excluded_lines": [], "executed_branches": [], "missing_branches": []}, "NormalizedBar": {"executed_lines": [], "summary": {"covered_lines": 0, "num_statements": 0, "percent_covered": 100.0, "percent_covered_display": "100", "missing_lines": 0, "excluded_lines": 0, "percent_statements_covered": 100.0, "percent_statements_covered_display": "100", "num_branches": 0, "num_partial_branches": 0, "covered_branches": 0, "missing_branches": 0, "percent_branches_covered": 100.0, "percent_branches_covered_display": "100"}, "missing_lines": [], "excluded_lines": [], "executed_branches": [], "missing_branches": []}, "NormalizedQuote": {"executed_lines": [], "summary": {"covered_lines": 0, "num_statements": 0, "percent_covered": 100.0, "percent_covered_display": "100", "missing_lines": 0, "excluded_lines": 0, "percent_statements_covered": 100.0, "percent_statements_covered_display": "100", "num_branches": 0, "num_partial_branches": 0, "covered_branches": 0, "missing_branches": 0, "percent_branches_covered": 100.0, "percent_branches_covered_display": "100"}, "missing_lines": [], "excluded_lines": [], "executed_branches": [], "missing_branches": []}, "NormalizedTrade": {"executed_lines": [], "summary": {"covered_lines": 0, "num_statements": 0, "percent_covered": 100.0, "percent_covered_display": "100", "missing_lines": 0, "excluded_lines": 0, "percent_statements_covered": 100.0, "percent_statements_covered_display": "100", "num_branches": 0, "num_partial_branches": 0, "covered_branches": 0, "missing_branches": 0, "percent_branches_covered": 100.0, "percent_branches_covered_display": "100"}, "missing_lines": [], "excluded_lines": [], "executed_branches": [], "missing_branches": []}, "NormalizedFlowAlert": {"executed_lines": [], "summary": {"covered_lines": 0, "num_statements": 0, "percent_covered": 100.0, "percent_covered_display": "100", "missing_lines": 0, "excluded_lines": 0, "percent_statements_covered": 100.0, "percent_statements_covered_display": "100", "num_branches": 0, "num_partial_branches": 0, "covered_branches": 0, "missing_branches": 0, "percent_branches_covered": 100.0, "percent_branches_covered_display": "100"}, "missing_lines": [], "excluded_lines": [], "executed_branches": [], "missing_branches": []}, "NormalizedDarkpoolTrade": {"executed_lines": [], "summary": {"covered_lines": 0, "num_statements": 0, "percent_covered": 100.0, "percent_covered_display": "100", "missing_lines": 0, "excluded_lines": 0, "percent_statements_covered": 100.0, "percent_statements_covered_display": "100", "num_branches": 0, "num_partial_branches": 0, "covered_branches": 0, "missing_branches": 0, "percent_branches_covered": 100.0, "percent_branches_covered_display": "100"}, "missing_lines": [], "excluded_lines": [], "executed_branches": [], "missing_branches": []}, "NormalizedMarketTide": {"executed_lines": [], "summary": {"covered_lines": 0, "num_statements": 0, "percent_covered": 100.0, "percent_covered_display": "100", "missing_lines": 0, "excluded_lines": 0, "percent_statements_covered": 100.0, "percent_statements_covered_display": "100", "num_branches": 0, "num_partial_branches": 0, "covered_branches": 0, "missing_branches": 0, "percent_branches_covered": 100.0, "percent_branches_covered_display": "100"}, "missing_lines": [], "excluded_lines": [], "executed_branches": [], "missing_branches": []}, "NormalizedOptionContract": {"executed_lines": [], "summary": {"covered_lines": 0, "num_statements": 0, "percent_covered": 100.0, "percent_covered_display": "100", "missing_lines": 0, "excluded_lines": 0, "percent_statements_covered": 100.0, "percent_statements_covered_display": "100", "num_branches": 0, "num_partial_branches": 0, "covered_branches": 0, "missing_branches": 0, "percent_branches_covered": 100.0, "percent_branches_covered_display": "100"}, "missing_lines": [], "excluded_lines": [], "executed_branches": [], "missing_branches": []}, "NormalizedNewsArticle": {"executed_lines": [], "summary": {"covered_lines": 0, "num_statements": 0, "percent_covered": 100.0, "percent_covered_display": "100", "missing_lines": 0, "excluded_lines": 0, "percent_statements_covered": 100.0, "percent_statements_covered_display": "100", "num_branches": 0, "num_partial_branches": 0, "covered_branches": 0, "missing_branches": 0, "percent_branches_covered": 100.0, "percent_branches_covered_display": "100"}, "missing_lines": [], "excluded_lines": [], "executed_branches": [], "missing_branches": []}, "NormalizedGreekExposure": {"executed_lines": [], "summary": {"covered_lines": 0, "num_statements": 0, "percent_covered": 100.0, "percent_covered_display": "100", "missing_lines": 0, "excluded_lines": 0, "percent_statements_covered": 100.0, "percent_statements_covered_display": "100", "num_branches": 0, "num_partial_branches": 0, "covered_branches": 0, "missing_branches": 0, "percent_branches_covered": 100.0, "percent_branches_covered_display": "100"}, "missing_lines": [], "excluded_lines": [], "executed_branches": [], "missing_branches": []}, "NormalizedEarnings": {"executed_lines": [], "summary": {"covered_lines": 0, "num_statements": 0, "percent_covered": 100.0, "percent_covered_display": "100", "missing_lines": 0, "excluded_lines": 0, "percent_statements_covered": 100.0, "percent_statements_covered_display": "100", "num_branches": 0, "num_partial_branches": 0, "covered_branches": 0, "missing_branches": 0, "percent_branches_covered": 100.0, "percent_branches_covered_display": "100"}, "missing_lines": [], "excluded_lines": [], "executed_branches": [], "missing_branches": []}, "NormalizedMostActive": {"executed_lines": [], "summary": {"covered_lines": 0, "num_statements": 0, "percent_covered": 100.0, "percent_covered_display": "100", "missing_lines": 0, "excluded_lines": 0, "percent_statements_covered": 100.0, "percent_statements_covered_display": "100", "num_branches": 0, "num_partial_branches": 0, "covered_branches": 0, "missing_branches": 0, "percent_branches_covered": 100.0, "percent_branches_covered_display": "100"}, "missing_lines": [], "excluded_lines": [], "executed_branches": [], "missing_branches": []}, "NormalizedMover": {"executed_lines": [], "summary": {"covered_lines": 0, "num_statements": 0, "percent_covered": 100.0, "percent_covered_display": "100", "missing_lines": 0, "excluded_lines": 0, "percent_statements_covered": 100.0, "percent_statements_covered_display": "100", "num_branches": 0, "num_partial_branches": 0, "covered_branches": 0, "missing_branches": 0, "percent_branches_covered": 100.0, "percent_branches_covered_display": "100"}, "missing_lines": [], "excluded_lines": [], "executed_branches": [], "missing_branches": []}, "NormalizedScreenerResult": {"executed_lines": [], "summary": {"covered_lines": 0, "num_statements": 0, "percent_covered": 100.0, "percent_covered_display": "100", "missing_lines": 0, "excluded_lines": 0, "percent_statements_covered": 100.0, "percent_statements_covered_display": "100", "num_branches": 0, "num_partial_branches": 0, "covered_branches": 0, "missing_branches": 0, "percent_branches_covered": 100.0, "percent_branches_covered_display": "100"}, "missing_lines": [], "excluded_lines": [], "executed_branches": [], "missing_branches": []}, "NormalizedHottestChain": {"executed_lines": [], "summary": {"covered_lines": 0, "num_statements": 0, "percent_covered": 100.0, "percent_covered_display": "100", "missing_lines": 0, "excluded_lines": 0, "percent_statements_covered": 100.0, "percent_statements_covered_display": "100", "num_branches": 0, "num_partial_branches": 0, "covered_branches": 0, "missing_branches": 0, "percent_branches_covered": 100.0, "percent_branches_covered_display": "100"}, "missing_lines": [], "excluded_lines": [], "executed_branches": [], "missing_branches": []}, "NormalizedNetPremiumTick": {"executed_lines": [], "summary": {"covered_lines": 0, "num_statements": 0, "percent_covered": 100.0, "percent_covered_display": "100", "missing_lines": 0, "excluded_lines": 0, "percent_statements_covered": 100.0, "percent_statements_covered_display": "100", "num_branches": 0, "num_partial_branches": 0, "covered_branches": 0, "missing_branches": 0, "percent_branches_covered": 100.0, "percent_branches_covered_display": "100"}, "missing_lines": [], "excluded_lines": [], "executed_branches": [], "missing_branches": []}, "NormalizedMaxPain": {"executed_lines": [], "summary": {"covered_lines": 0, "num_statements": 0, "percent_covered": 100.0, "percent_covered_display": "100", "missing_lines": 0, "excluded_lines": 0, "percent_statements_covered": 100.0, "percent_statements_covered_display": "100", "num_branches": 0, "num_partial_branches": 0, "covered_branches": 0, "missing_branches": 0, "percent_branches_covered": 100.0, "percent_branches_covered_display": "100"}, "missing_lines": [], "excluded_lines": [], "executed_branches": [], "missing_branches": []}, "NormalizedIVRank": {"executed_lines": [], "summary": {"covered_lines": 0, "num_statements": 0, "percent_covered": 100.0, "percent_covered_display": "100", "missing_lines": 0, "excluded_lines": 0, "percent_statements_covered": 100.0, "percent_statements_covered_display": "100", "num_branches": 0, "num_partial_branches": 0, "covered_branches": 0, "missing_branches": 0, "percent_branches_covered": 100.0, "percent_branches_covered_display": "100"}, "missing_lines": [], "excluded_lines": [], "executed_branches": [], "missing_branches": []}, "NormalizedOIChange": {"executed_lines": [], "summary": {"covered_lines": 0, "num_statements": 0, "percent_covered": 100.0, "percent_covered_display": "100", "missing_lines": 0, "excluded_lines": 0, "percent_statements_covered": 100.0, "percent_statements_covered_display": "100", "num_branches": 0, "num_partial_branches": 0, "covered_branches": 0, "missing_branches": 0, "percent_branches_covered": 100.0, "percent_branches_covered_display": "100"}, "missing_lines": [], "excluded_lines": [], "executed_branches": [], "missing_branches": []}, "NormalizedETFHolding": {"executed_lines": [], "summary": {"covered_lines": 0, "num_statements": 0, "percent_covered": 100.0, "percent_covered_display": "100", "missing_lines": 0, "excluded_lines": 0, "percent_statements_covered": 100.0, "percent_statements_covered_display": "100", "num_branches": 0, "num_partial_branches": 0, "covered_branches": 0, "missing_branches": 0, "percent_branches_covered": 100.0, "percent_branches_covered_display": "100"}, "missing_lines": [], "excluded_lines": [], "executed_branches": [], "missing_branches": []}, "NormalizedETFFlow": {"executed_lines": [], "summary": {"covered_lines": 0, "num_statements": 0, "percent_covered": 100.0, "percent_covered_display": "100", "missing_lines": 0, "excluded_lines": 0, "percent_statements_covered": 100.0, "percent_statements_covered_display": "100", "num_branches": 0, "num_partial_branches": 0, "covered_branches": 0, "missing_branches": 0, "percent_branches_covered": 100.0, "percent_branches_covered_display": "100"}, "missing_lines": [], "excluded_lines": [], "executed_branches": [], "missing_branches": []}, "NormalizedShortData": {"executed_lines": [], "summary": {"covered_lines": 0, "num_statements": 0, "percent_covered": 100.0, "percent_covered_display": "100", "missing_lines": 0, "excluded_lines": 0, "percent_statements_covered": 100.0, "percent_statements_covered_display": "100", "num_branches": 0, "num_partial_branches": 0, "covered_branches": 0, "missing_branches": 0, "percent_branches_covered": 100.0, "percent_branches_covered_display": "100"}, "missing_lines": [], "excluded_lines": [], "executed_branches": [], "missing_branches": []}, "NormalizedFTD": {"executed_lines": [], "summary": {"covered_lines": 0, "num_statements": 0, "percent_covered": 100.0, "percent_covered_display": "100", "missing_lines": 0, "excluded_lines": 0, "percent_statements_covered": 100.0, "percent_statements_covered_display": "100", "num_branches": 0, "num_partial_branches": 0, "covered_branches": 0, "missing_branches": 0, "percent_branches_covered": 100.0, "percent_branches_covered_display": "100"}, "missing_lines": [], "excluded_lines": [], "executed_branches": [], "missing_branches": []}, "NormalizedCorporateAction": {"executed_lines": [], "summary": {"covered_lines": 0, "num_statements": 0, "percent_covered": 100.0, "percent_covered_display": "100", "missing_lines": 0, "excluded_lines": 0, "percent_statements_covered": 100.0, "percent_statements_covered_display": "100", "num_branches": 0, "num_partial_branches": 0, "covered_branches": 0, "missing_branches": 0, "percent_branches_covered": 100.0, "percent_branches_covered_display": "100"}, "missing_lines": [], "excluded_lines": [], "executed_branches": [], "missing_branches": []}, "NormalizedIVTermStructure": {"executed_lines": [], "summary": {"covered_lines": 0, "num_statements": 0, "percent_covered": 100.0, "percent_covered_display": "100", "missing_lines": 0, "excluded_lines": 0, "percent_statements_covered": 100.0, "percent_statements_covered_display": "100", "num_branches": 0, "num_partial_branches": 0, "covered_branches": 0, "missing_branches": 0, "percent_branches_covered": 100.0, "percent_branches_covered_display": "100"}, "missing_lines": [], "excluded_lines": [], "executed_branches": [], "missing_branches": []}, "NormalizedVolatilityStats": {"executed_lines": [], "summary": {"covered_lines": 0, "num_statements": 0, "percent_covered": 100.0, "percent_covered_display": "100", "missing_lines": 0, "excluded_lines": 0, "percent_statements_covered": 100.0, "percent_statements_covered_display": "100", "num_branches": 0, "num_partial_branches": 0, "covered_branches": 0, "missing_branches": 0, "percent_branches_covered": 100.0, "percent_branches_covered_display": "100"}, "missing_lines": [], "excluded_lines": [], "executed_branches": [], "missing_branches": []}, "NormalizedSeasonality": {"executed_lines": [], "summary": {"covered_lines": 0, "num_statements": 0, "percent_covered": 100.0, "percent_covered_display": "100", "missing_lines": 0, "excluded_lines": 0, "percent_statements_covered": 100.0, "percent_statements_covered_display": "100", "num_branches": 0, "num_partial_branches": 0, "covered_branches": 0, "missing_branches": 0, "percent_branches_covered": 100.0, "percent_branches_covered_display": "100"}, "missing_lines": [], "excluded_lines": [], "executed_branches": [], "missing_branches": []}, "NormalizedOrderbookLevel": {"executed_lines": [], "summary": {"covered_lines": 0, "num_statements": 0, "percent_covered": 100.0, "percent_covered_display": "100", "missing_lines": 0, "excluded_lines": 0, "percent_statements_covered": 100.0, "percent_statements_covered_display": "100", "num_branches": 0, "num_partial_branches": 0, "covered_branches": 0, "missing_branches": 0, "percent_branches_covered": 100.0, "percent_branches_covered_display": "100"}, "missing_lines": [], "excluded_lines": [], "executed_branches": [], "missing_branches": []}, "NormalizedOrderbook": {"executed_lines": [], "summary": {"covered_lines": 0, "num_statements": 0, "percent_covered": 100.0, "percent_covered_display": "100", "missing_lines": 0, "excluded_lines": 0, "percent_statements_covered": 100.0, "percent_statements_covered_display": "100", "num_branches": 0, "num_partial_branches": 0, "covered_branches": 0, "missing_branches": 0, "percent_branches_covered": 100.0, "percent_branches_covered_display": "100"}, "missing_lines": [], "excluded_lines": [], "executed_branches": [], "missing_branches": []}, "HealthResponse": {"executed_lines": [], "summary": {"covered_lines": 0, "num_statements": 0, "percent_covered": 100.0, "percent_covered_display": "100", "missing_lines": 0, "excluded_lines": 0, "percent_statements_covered": 100.0, "percent_statements_covered_display": "100", "num_branches": 0, "num_partial_branches": 0, "covered_branches": 0, "missing_branches": 0, "percent_branches_covered": 100.0, "percent_branches_covered_display": "100"}, "missing_lines": [], "excluded_lines": [], "executed_branches": [], "missing_branches": []}, "ErrorResponse": {"executed_lines": [], "summary": {"covered_lines": 0, "num_statements": 0, "percent_covered": 100.0, "percent_covered_display": "100", "missing_lines": 0, "excluded_lines": 0, "percent_statements_covered": 100.0, "percent_statements_covered_display": "100", "num_branches": 0, "num_partial_branches": 0, "covered_branches": 0, "missing_branches": 0, "percent_branches_covered": 100.0, "percent_branches_covered_display": "100"}, "missing_lines": [], "excluded_lines": [], "executed_branches": [], "missing_branches": []}, "SuccessResponse": {"executed_lines": [], "summary": {"covered_lines": 0, "num_statements": 0, "percent_covered": 100.0, "percent_covered_display": "100", "missing_lines": 0, "excluded_lines": 0, "percent_statements_covered": 100.0, "percent_statements_covered_display": "100", "num_branches": 0, "num_partial_branches": 0, "covered_branches": 0, "missing_branches": 0, "percent_branches_covered": 100.0, "percent_branches_covered_display": "100"}, "missing_lines": [], "excluded_lines": [], "executed_branches": [], "missing_branches": []}, "": {"executed_lines": [1, 3, 4, 5, 7, 12, 13, 14, 15, 16, 19, 20, 21, 22, 23, 24, 27, 28, 29, 30, 31, 34, 35, 36, 37, 38, 39, 40, 43, 44, 45, 46, 47, 52, 53, 54, 55, 56, 57, 58, 59, 60, 61, 62, 63, 64, 67, 68, 69, 70, 71, 72, 73, 74, 75, 78, 79, 80, 81, 82, 83, 84, 85, 86, 87, 90, 91, 92, 93, 94, 95, 96, 97, 98, 99, 100, 101, 102, 103, 104, 107, 108, 109, 110, 111, 112, 113, 114, 115, 118, 119, 120, 121, 122, 123, 124, 125, 126, 129, 130, 131, 132, 133, 134, 135, 136, 137, 138, 139, 140, 141, 142, 143, 144, 145, 146, 147, 153, 154, 155, 156, 157, 158, 159, 160, 161, 162, 163, 164, 167, 168, 169, 170, 171, 172, 173, 174, 175, 176, 177, 180, 181, 182, 183, 184, 185, 186, 187, 188, 189, 192, 193, 194, 195, 196, 197, 200, 201, 202, 203, 204, 205, 206, 209, 210, 211, 212, 213, 214, 215, 216, 217, 218, 219, 222, 223, 224, 225, 226, 227, 228, 229, 230, 231, 232, 233, 241, 242, 243, 244, 245, 246, 247, 248, 249, 252, 253, 254, 255, 256, 257, 258, 259, 262, 263, 264, 265, 266, 267, 268, 269, 270, 273, 274, 275, 276, 277, 278, 279, 280, 281, 284, 285, 286, 287, 288, 289, 290, 291, 294, 295, 296, 297, 298, 299, 300, 301, 304, 305, 306, 307, 308, 309, 310, 311, 312, 315, 316, 317, 318, 319, 320, 321, 322, 325, 326, 327, 328, 329, 330, 331, 332, 333, 334, 342, 343, 344, 345, 346, 347, 348, 349, 350, 353, 354, 355, 356, 357, 358, 359, 360, 361, 362, 365, 366, 367, 368, 369, 370, 371, 372, 373, 376, 377, 378, 379, 380, 383, 384, 385, 386, 387, 388, 389, 394, 395, 396, 399, 400, 401, 402, 405, 406, 407, 408, 409], "summary": {"covered_lines": 279, "num_statements": 279, "percent_covered": 100.0, "percent_covered_display": "100", "missing_lines": 0, "excluded_lines": 0, "percent_statements_covered": 100.0, "percent_statements_covered_display": "100", "num_branches": 0, "num_partial_branches": 0, "covered_branches": 0, "missing_branches": 0, "percent_branches_covered": 100.0, "percent_branches_covered_display": "100"}, "missing_lines": [], "excluded_lines": [], "executed_branches": [], "missing_branches": []}}}}, "totals": {"covered_lines": 3564, "num_statements": 8381, "percent_covered": 38.40614043399981, "percent_covered_display": "38", "missing_lines": 4817, "excluded_lines": 6, "percent_statements_covered": 42.52475838205465, "percent_statements_covered_display": "43", "num_branches": 2172, "num_partial_branches": 143, "covered_branches": 489, "missing_branches": 1683, "percent_branches_covered": 22.513812154696133, "percent_branches_covered_display": "23"}}
